{'Date': datetime.date(2019, 1, 2), 'SHIBOR_隔夜': 2.3, 'SHIBOR_1周': 2.634, 'SHIBOR_2周': 2.802, 'SHIBOR_1个月': 3.2, 'SHIBOR_3个月': 3.285, 'SHIBOR_6个月': 3.292, 'SHIBOR_9个月': 3.472, 'SHIBOR_1年': 3.511}
Sucessful
{'Date': datetime.date(2019, 1, 2), 'SHIBOR_隔夜': 2.3, 'SHIBOR_1周': 2.634, 'SHIBOR_2周': 2.802, 'SHIBOR_1个月': 3.2, 'SHIBOR_3个月': 3.285, 'SHIBOR_6个月': 3.292, 'SHIBOR_9个月': 3.472, 'SHIBOR_1年': 3.511}
{'Date': datetime.date(2019, 1, 2), 'SHIBOR_隔夜': 2.3, 'SHIBOR_1周': 2.634, 'SHIBOR_2周': 2.802, 'SHIBOR_1个月': 3.2, 'SHIBOR_3个月': 3.285, 'SHIBOR_6个月': 3.292, 'SHIBOR_9个月': 3.472, 'SHIBOR_1年': 3.511}
{'Date': datetime.date(2019, 1, 2), 'SHIBOR_隔夜': 2.3, 'SHIBOR_1周': 2.634, 'SHIBOR_2周': 2.802, 'SHIBOR_1个月': 3.2, 'SHIBOR_3个月': 3.285, 'SHIBOR_6个月': 3.292, 'SHIBOR_9个月': 3.472, 'SHIBOR_1年': 3.511}
{'Date': datetime.date(2019, 1, 2), 'SHIBOR_隔夜': 2.3, 'SHIBOR_1周': 2.634, 'SHIBOR_2周': 2.802, 'SHIBOR_1个月': 3.2, 'SHIBOR_3个月': 3.285, 'SHIBOR_6个月': 3.292, 'SHIBOR_9个月': 3.472, 'SHIBOR_1年': 3.511}
{'Date': datetime.date(2019, 1, 2), 'SHIBOR_隔夜': 2.3, 'SHIBOR_1周': 2.634, 'SHIBOR_2周': 2.802, 'SHIBOR_1个月': 3.2, 'SHIBOR_3个月': 3.285, 'SHIBOR_6个月': 3.292, 'SHIBOR_9个月': 3.472, 'SHIBOR_1年': 3.511, '中债国债到期收益率_0年': 1.442, '中债国债到期收益率_1个月': 2.3345, '中债国债到期收益率_2个月': 2.522, '中债国债到期收益率_3个月': 2.5237, '中债国债到期收益率_6个月': 2.5497, '中债国债到期收益率_9个月': 2.5495, '中债国债到期收益率_1年': 2.5014, '中债国债到期收益率_2年': 2.6167, '中债国债到期收益率_3年': 2.7859, '中债国债到期收益率_4年': 2.8772, '中债国债到期收益率_5年': 2.9466, '中债国债到期收益率_6年': 3.0186, '中债国债到期收益率_7年': 3.0876, '中债国债到期收益率_8年': 3.1344, '中债国债到期收益率_9年': 3.1528, '中债国债到期收益率_10年': 3.1734, '中债国债到期收益率_15年': 3.4159, '中债国债到期收益率_20年': 3.4513, '中债国债到期收益率_30年': 3.6756, '中债国债到期收益率_40年': 3.6856, '中债国债到期收益率_50年': 3.6946}
Sucessful
{'Date': datetime.date(2019, 1, 2), 'SHIBOR_隔夜': 2.3, 'SHIBOR_1周': 2.634, 'SHIBOR_2周': 2.802, 'SHIBOR_1个月': 3.2, 'SHIBOR_3个月': 3.285, 'SHIBOR_6个月': 3.292, 'SHIBOR_9个月': 3.472, 'SHIBOR_1年': 3.511, '中债国债到期收益率_0年': 1.442, '中债国债到期收益率_1个月': 2.3345, '中债国债到期收益率_2个月': 2.522, '中债国债到期收益率_3个月': 2.5237, '中债国债到期收益率_6个月': 2.5497, '中债国债到期收益率_9个月': 2.5495, '中债国债到期收益率_1年': 2.5014, '中债国债到期收益率_2年': 2.6167, '中债国债到期收益率_3年': 2.7859, '中债国债到期收益率_4年': 2.8772, '中债国债到期收益率_5年': 2.9466, '中债国债到期收益率_6年': 3.0186, '中债国债到期收益率_7年': 3.0876, '中债国债到期收益率_8年': 3.1344, '中债国债到期收益率_9年': 3.1528, '中债国债到期收益率_10年': 3.1734, '中债国债到期收益率_15年': 3.4159, '中债国债到期收益率_20年': 3.4513, '中债国债到期收益率_30年': 3.6756, '中债国债到期收益率_40年': 3.6856, '中债国债到期收益率_50年': 3.6946}
{'Date': datetime.date(2019, 1, 2), 'SHIBOR_隔夜': 2.3, 'SHIBOR_1周': 2.634, 'SHIBOR_2周': 2.802, 'SHIBOR_1个月': 3.2, 'SHIBOR_3个月': 3.285, 'SHIBOR_6个月': 3.292, 'SHIBOR_9个月': 3.472, 'SHIBOR_1年': 3.511, '中债国债到期收益率_0年': 1.442, '中债国债到期收益率_1个月': 2.3345, '中债国债到期收益率_2个月': 2.522, '中债国债到期收益率_3个月': 2.5237, '中债国债到期收益率_6个月': 2.5497, '中债国债到期收益率_9个月': 2.5495, '中债国债到期收益率_1年': 2.5014, '中债国债到期收益率_2年': 2.6167, '中债国债到期收益率_3年': 2.7859, '中债国债到期收益率_4年': 2.8772, '中债国债到期收益率_5年': 2.9466, '中债国债到期收益率_6年': 3.0186, '中债国债到期收益率_7年': 3.0876, '中债国债到期收益率_8年': 3.1344, '中债国债到期收益率_9年': 3.1528, '中债国债到期收益率_10年': 3.1734, '中债国债到期收益率_15年': 3.4159, '中债国债到期收益率_20年': 3.4513, '中债国债到期收益率_30年': 3.6756, '中债国债到期收益率_40年': 3.6856, '中债国债到期收益率_50年': 3.6946}
{'Date': datetime.date(2019, 1, 3), 'SHIBOR_隔夜': 1.968, 'SHIBOR_1周': 2.547, 'SHIBOR_2周': 2.673, 'SHIBOR_1个月': 3.084, 'SHIBOR_3个月': 3.246, 'SHIBOR_6个月': 3.286, 'SHIBOR_9个月': 3.466, 'SHIBOR_1年': 3.507}
Sucessful
{'Date': datetime.date(2019, 1, 2), 'SHIBOR_隔夜': 2.3, 'SHIBOR_1周': 2.634, 'SHIBOR_2周': 2.802, 'SHIBOR_1个月': 3.2, 'SHIBOR_3个月': 3.285, 'SHIBOR_6个月': 3.292, 'SHIBOR_9个月': 3.472, 'SHIBOR_1年': 3.511, '中债国债到期收益率_0年': 1.442, '中债国债到期收益率_1个月': 2.3345, '中债国债到期收益率_2个月': 2.522, '中债国债到期收益率_3个月': 2.5237, '中债国债到期收益率_6个月': 2.5497, '中债国债到期收益率_9个月': 2.5495, '中债国债到期收益率_1年': 2.5014, '中债国债到期收益率_2年': 2.6167, '中债国债到期收益率_3年': 2.7859, '中债国债到期收益率_4年': 2.8772, '中债国债到期收益率_5年': 2.9466, '中债国债到期收益率_6年': 3.0186, '中债国债到期收益率_7年': 3.0876, '中债国债到期收益率_8年': 3.1344, '中债国债到期收益率_9年': 3.1528, '中债国债到期收益率_10年': 3.1734, '中债国债到期收益率_15年': 3.4159, '中债国债到期收益率_20年': 3.4513, '中债国债到期收益率_30年': 3.6756, '中债国债到期收益率_40年': 3.6856, '中债国债到期收益率_50年': 3.6946}
{'Date': datetime.date(2019, 1, 3), 'SHIBOR_隔夜': 1.968, 'SHIBOR_1周': 2.547, 'SHIBOR_2周': 2.673, 'SHIBOR_1个月': 3.084, 'SHIBOR_3个月': 3.246, 'SHIBOR_6个月': 3.286, 'SHIBOR_9个月': 3.466, 'SHIBOR_1年': 3.507}
{'Date': datetime.date(2019, 1, 2), 'SHIBOR_隔夜': 2.3, 'SHIBOR_1周': 2.634, 'SHIBOR_2周': 2.802, 'SHIBOR_1个月': 3.2, 'SHIBOR_3个月': 3.285, 'SHIBOR_6个月': 3.292, 'SHIBOR_9个月': 3.472, 'SHIBOR_1年': 3.511, '中债国债到期收益率_0年': 1.442, '中债国债到期收益率_1个月': 2.3345, '中债国债到期收益率_2个月': 2.522, '中债国债到期收益率_3个月': 2.5237, '中债国债到期收益率_6个月': 2.5497, '中债国债到期收益率_9个月': 2.5495, '中债国债到期收益率_1年': 2.5014, '中债国债到期收益率_2年': 2.6167, '中债国债到期收益率_3年': 2.7859, '中债国债到期收益率_4年': 2.8772, '中债国债到期收益率_5年': 2.9466, '中债国债到期收益率_6年': 3.0186, '中债国债到期收益率_7年': 3.0876, '中债国债到期收益率_8年': 3.1344, '中债国债到期收益率_9年': 3.1528, '中债国债到期收益率_10年': 3.1734, '中债国债到期收益率_15年': 3.4159, '中债国债到期收益率_20年': 3.4513, '中债国债到期收益率_30年': 3.6756, '中债国债到期收益率_40年': 3.6856, '中债国债到期收益率_50年': 3.6946}
{'Date': datetime.date(2019, 1, 3), 'SHIBOR_隔夜': 1.968, 'SHIBOR_1周': 2.547, 'SHIBOR_2周': 2.673, 'SHIBOR_1个月': 3.084, 'SHIBOR_3个月': 3.246, 'SHIBOR_6个月': 3.286, 'SHIBOR_9个月': 3.466, 'SHIBOR_1年': 3.507}
{'Date': datetime.date(2019, 1, 2), 'SHIBOR_隔夜': 2.3, 'SHIBOR_1周': 2.634, 'SHIBOR_2周': 2.802, 'SHIBOR_1个月': 3.2, 'SHIBOR_3个月': 3.285, 'SHIBOR_6个月': 3.292, 'SHIBOR_9个月': 3.472, 'SHIBOR_1年': 3.511, '中债国债到期收益率_0年': 1.442, '中债国债到期收益率_1个月': 2.3345, '中债国债到期收益率_2个月': 2.522, '中债国债到期收益率_3个月': 2.5237, '中债国债到期收益率_6个月': 2.5497, '中债国债到期收益率_9个月': 2.5495, '中债国债到期收益率_1年': 2.5014, '中债国债到期收益率_2年': 2.6167, '中债国债到期收益率_3年': 2.7859, '中债国债到期收益率_4年': 2.8772, '中债国债到期收益率_5年': 2.9466, '中债国债到期收益率_6年': 3.0186, '中债国债到期收益率_7年': 3.0876, '中债国债到期收益率_8年': 3.1344, '中债国债到期收益率_9年': 3.1528, '中债国债到期收益率_10年': 3.1734, '中债国债到期收益率_15年': 3.4159, '中债国债到期收益率_20年': 3.4513, '中债国债到期收益率_30年': 3.6756, '中债国债到期收益率_40年': 3.6856, '中债国债到期收益率_50年': 3.6946}
{'Date': datetime.date(2019, 1, 3), 'SHIBOR_隔夜': 1.968, 'SHIBOR_1周': 2.547, 'SHIBOR_2周': 2.673, 'SHIBOR_1个月': 3.084, 'SHIBOR_3个月': 3.246, 'SHIBOR_6个月': 3.286, 'SHIBOR_9个月': 3.466, 'SHIBOR_1年': 3.507}
{'Date': datetime.date(2019, 1, 2), 'SHIBOR_隔夜': 2.3, 'SHIBOR_1周': 2.634, 'SHIBOR_2周': 2.802, 'SHIBOR_1个月': 3.2, 'SHIBOR_3个月': 3.285, 'SHIBOR_6个月': 3.292, 'SHIBOR_9个月': 3.472, 'SHIBOR_1年': 3.511, '中债国债到期收益率_0年': 1.442, '中债国债到期收益率_1个月': 2.3345, '中债国债到期收益率_2个月': 2.522, '中债国债到期收益率_3个月': 2.5237, '中债国债到期收益率_6个月': 2.5497, '中债国债到期收益率_9个月': 2.5495, '中债国债到期收益率_1年': 2.5014, '中债国债到期收益率_2年': 2.6167, '中债国债到期收益率_3年': 2.7859, '中债国债到期收益率_4年': 2.8772, '中债国债到期收益率_5年': 2.9466, '中债国债到期收益率_6年': 3.0186, '中债国债到期收益率_7年': 3.0876, '中债国债到期收益率_8年': 3.1344, '中债国债到期收益率_9年': 3.1528, '中债国债到期收益率_10年': 3.1734, '中债国债到期收益率_15年': 3.4159, '中债国债到期收益率_20年': 3.4513, '中债国债到期收益率_30年': 3.6756, '中债国债到期收益率_40年': 3.6856, '中债国债到期收益率_50年': 3.6946}
{'Date': datetime.date(2019, 1, 3), 'SHIBOR_隔夜': 1.968, 'SHIBOR_1周': 2.547, 'SHIBOR_2周': 2.673, 'SHIBOR_1个月': 3.084, 'SHIBOR_3个月': 3.246, 'SHIBOR_6个月': 3.286, 'SHIBOR_9个月': 3.466, 'SHIBOR_1年': 3.507}
{'Date': datetime.date(2019, 1, 2), 'SHIBOR_隔夜': 2.3, 'SHIBOR_1周': 2.634, 'SHIBOR_2周': 2.802, 'SHIBOR_1个月': 3.2, 'SHIBOR_3个月': 3.285, 'SHIBOR_6个月': 3.292, 'SHIBOR_9个月': 3.472, 'SHIBOR_1年': 3.511, '中债国债到期收益率_0年': 1.442, '中债国债到期收益率_1个月': 2.3345, '中债国债到期收益率_2个月': 2.522, '中债国债到期收益率_3个月': 2.5237, '中债国债到期收益率_6个月': 2.5497, '中债国债到期收益率_9个月': 2.5495, '中债国债到期收益率_1年': 2.5014, '中债国债到期收益率_2年': 2.6167, '中债国债到期收益率_3年': 2.7859, '中债国债到期收益率_4年': 2.8772, '中债国债到期收益率_5年': 2.9466, '中债国债到期收益率_6年': 3.0186, '中债国债到期收益率_7年': 3.0876, '中债国债到期收益率_8年': 3.1344, '中债国债到期收益率_9年': 3.1528, '中债国债到期收益率_10年': 3.1734, '中债国债到期收益率_15年': 3.4159, '中债国债到期收益率_20年': 3.4513, '中债国债到期收益率_30年': 3.6756, '中债国债到期收益率_40年': 3.6856, '中债国债到期收益率_50年': 3.6946}
{'Date': datetime.date(2019, 1, 3), 'SHIBOR_隔夜': 1.968, 'SHIBOR_1周': 2.547, 'SHIBOR_2周': 2.673, 'SHIBOR_1个月': 3.084, 'SHIBOR_3个月': 3.246, 'SHIBOR_6个月': 3.286, 'SHIBOR_9个月': 3.466, 'SHIBOR_1年': 3.507}
{'Date': datetime.date(2019, 1, 2), 'SHIBOR_隔夜': 2.3, 'SHIBOR_1周': 2.634, 'SHIBOR_2周': 2.802, 'SHIBOR_1个月': 3.2, 'SHIBOR_3个月': 3.285, 'SHIBOR_6个月': 3.292, 'SHIBOR_9个月': 3.472, 'SHIBOR_1年': 3.511, '中债国债到期收益率_0年': 1.442, '中债国债到期收益率_1个月': 2.3345, '中债国债到期收益率_2个月': 2.522, '中债国债到期收益率_3个月': 2.5237, '中债国债到期收益率_6个月': 2.5497, '中债国债到期收益率_9个月': 2.5495, '中债国债到期收益率_1年': 2.5014, '中债国债到期收益率_2年': 2.6167, '中债国债到期收益率_3年': 2.7859, '中债国债到期收益率_4年': 2.8772, '中债国债到期收益率_5年': 2.9466, '中债国债到期收益率_6年': 3.0186, '中债国债到期收益率_7年': 3.0876, '中债国债到期收益率_8年': 3.1344, '中债国债到期收益率_9年': 3.1528, '中债国债到期收益率_10年': 3.1734, '中债国债到期收益率_15年': 3.4159, '中债国债到期收益率_20年': 3.4513, '中债国债到期收益率_30年': 3.6756, '中债国债到期收益率_40年': 3.6856, '中债国债到期收益率_50年': 3.6946}
{'Date': datetime.date(2019, 1, 3), 'SHIBOR_隔夜': 1.968, 'SHIBOR_1周': 2.547, 'SHIBOR_2周': 2.673, 'SHIBOR_1个月': 3.084, 'SHIBOR_3个月': 3.246, 'SHIBOR_6个月': 3.286, 'SHIBOR_9个月': 3.466, 'SHIBOR_1年': 3.507}
{'Date': datetime.date(2019, 1, 2), 'SHIBOR_隔夜': 2.3, 'SHIBOR_1周': 2.634, 'SHIBOR_2周': 2.802, 'SHIBOR_1个月': 3.2, 'SHIBOR_3个月': 3.285, 'SHIBOR_6个月': 3.292, 'SHIBOR_9个月': 3.472, 'SHIBOR_1年': 3.511, '中债国债到期收益率_0年': 1.442, '中债国债到期收益率_1个月': 2.3345, '中债国债到期收益率_2个月': 2.522, '中债国债到期收益率_3个月': 2.5237, '中债国债到期收益率_6个月': 2.5497, '中债国债到期收益率_9个月': 2.5495, '中债国债到期收益率_1年': 2.5014, '中债国债到期收益率_2年': 2.6167, '中债国债到期收益率_3年': 2.7859, '中债国债到期收益率_4年': 2.8772, '中债国债到期收益率_5年': 2.9466, '中债国债到期收益率_6年': 3.0186, '中债国债到期收益率_7年': 3.0876, '中债国债到期收益率_8年': 3.1344, '中债国债到期收益率_9年': 3.1528, '中债国债到期收益率_10年': 3.1734, '中债国债到期收益率_15年': 3.4159, '中债国债到期收益率_20年': 3.4513, '中债国债到期收益率_30年': 3.6756, '中债国债到期收益率_40年': 3.6856, '中债国债到期收益率_50年': 3.6946}
{'Date': datetime.date(2019, 1, 3), 'SHIBOR_隔夜': 1.968, 'SHIBOR_1周': 2.547, 'SHIBOR_2周': 2.673, 'SHIBOR_1个月': 3.084, 'SHIBOR_3个月': 3.246, 'SHIBOR_6个月': 3.286, 'SHIBOR_9个月': 3.466, 'SHIBOR_1年': 3.507, '中债国债到期收益率_0年': 1.442, '中债国债到期收益率_1个月': 2.3087, '中债国债到期收益率_2个月': 2.4424, '中债国债到期收益率_3个月': 2.4709, '中债国债到期收益率_6个月': 2.5001, '中债国债到期收益率_9个月': 2.5012, '中债国债到期收益率_1年': 2.5017, '中债国债到期收益率_2年': 2.6233, '中债国债到期收益率_3年': 2.7776, '中债国债到期收益率_4年': 2.8424, '中债国债到期收益率_5年': 2.8965, '中债国债到期收益率_6年': 3.0149, '中债国债到期收益率_7年': 3.1031, '中债国债到期收益率_8年': 3.1283, '中债国债到期收益率_9年': 3.1366, '中债国债到期收益率_10年': 3.141, '中债国债到期收益率_15年': 3.4035, '中债国债到期收益率_20年': 3.4389, '中债国债到期收益率_30年': 3.6806, '中债国债到期收益率_40年': 3.6906, '中债国债到期收益率_50年': 3.6996}
Sucessful
{'Date': datetime.date(2019, 1, 2), 'SHIBOR_隔夜': 2.3, 'SHIBOR_1周': 2.634, 'SHIBOR_2周': 2.802, 'SHIBOR_1个月': 3.2, 'SHIBOR_3个月': 3.285, 'SHIBOR_6个月': 3.292, 'SHIBOR_9个月': 3.472, 'SHIBOR_1年': 3.511, '中债国债到期收益率_0年': 1.442, '中债国债到期收益率_1个月': 2.3345, '中债国债到期收益率_2个月': 2.522, '中债国债到期收益率_3个月': 2.5237, '中债国债到期收益率_6个月': 2.5497, '中债国债到期收益率_9个月': 2.5495, '中债国债到期收益率_1年': 2.5014, '中债国债到期收益率_2年': 2.6167, '中债国债到期收益率_3年': 2.7859, '中债国债到期收益率_4年': 2.8772, '中债国债到期收益率_5年': 2.9466, '中债国债到期收益率_6年': 3.0186, '中债国债到期收益率_7年': 3.0876, '中债国债到期收益率_8年': 3.1344, '中债国债到期收益率_9年': 3.1528, '中债国债到期收益率_10年': 3.1734, '中债国债到期收益率_15年': 3.4159, '中债国债到期收益率_20年': 3.4513, '中债国债到期收益率_30年': 3.6756, '中债国债到期收益率_40年': 3.6856, '中债国债到期收益率_50年': 3.6946}
{'Date': datetime.date(2019, 1, 3), 'SHIBOR_隔夜': 1.968, 'SHIBOR_1周': 2.547, 'SHIBOR_2周': 2.673, 'SHIBOR_1个月': 3.084, 'SHIBOR_3个月': 3.246, 'SHIBOR_6个月': 3.286, 'SHIBOR_9个月': 3.466, 'SHIBOR_1年': 3.507, '中债国债到期收益率_0年': 1.442, '中债国债到期收益率_1个月': 2.3087, '中债国债到期收益率_2个月': 2.4424, '中债国债到期收益率_3个月': 2.4709, '中债国债到期收益率_6个月': 2.5001, '中债国债到期收益率_9个月': 2.5012, '中债国债到期收益率_1年': 2.5017, '中债国债到期收益率_2年': 2.6233, '中债国债到期收益率_3年': 2.7776, '中债国债到期收益率_4年': 2.8424, '中债国债到期收益率_5年': 2.8965, '中债国债到期收益率_6年': 3.0149, '中债国债到期收益率_7年': 3.1031, '中债国债到期收益率_8年': 3.1283, '中债国债到期收益率_9年': 3.1366, '中债国债到期收益率_10年': 3.141, '中债国债到期收益率_15年': 3.4035, '中债国债到期收益率_20年': 3.4389, '中债国债到期收益率_30年': 3.6806, '中债国债到期收益率_40年': 3.6906, '中债国债到期收益率_50年': 3.6996}
{'Date': datetime.date(2019, 1, 2), 'SHIBOR_隔夜': 2.3, 'SHIBOR_1周': 2.634, 'SHIBOR_2周': 2.802, 'SHIBOR_1个月': 3.2, 'SHIBOR_3个月': 3.285, 'SHIBOR_6个月': 3.292, 'SHIBOR_9个月': 3.472, 'SHIBOR_1年': 3.511, '中债国债到期收益率_0年': 1.442, '中债国债到期收益率_1个月': 2.3345, '中债国债到期收益率_2个月': 2.522, '中债国债到期收益率_3个月': 2.5237, '中债国债到期收益率_6个月': 2.5497, '中债国债到期收益率_9个月': 2.5495, '中债国债到期收益率_1年': 2.5014, '中债国债到期收益率_2年': 2.6167, '中债国债到期收益率_3年': 2.7859, '中债国债到期收益率_4年': 2.8772, '中债国债到期收益率_5年': 2.9466, '中债国债到期收益率_6年': 3.0186, '中债国债到期收益率_7年': 3.0876, '中债国债到期收益率_8年': 3.1344, '中债国债到期收益率_9年': 3.1528, '中债国债到期收益率_10年': 3.1734, '中债国债到期收益率_15年': 3.4159, '中债国债到期收益率_20年': 3.4513, '中债国债到期收益率_30年': 3.6756, '中债国债到期收益率_40年': 3.6856, '中债国债到期收益率_50年': 3.6946}
{'Date': datetime.date(2019, 1, 3), 'SHIBOR_隔夜': 1.968, 'SHIBOR_1周': 2.547, 'SHIBOR_2周': 2.673, 'SHIBOR_1个月': 3.084, 'SHIBOR_3个月': 3.246, 'SHIBOR_6个月': 3.286, 'SHIBOR_9个月': 3.466, 'SHIBOR_1年': 3.507, '中债国债到期收益率_0年': 1.442, '中债国债到期收益率_1个月': 2.3087, '中债国债到期收益率_2个月': 2.4424, '中债国债到期收益率_3个月': 2.4709, '中债国债到期收益率_6个月': 2.5001, '中债国债到期收益率_9个月': 2.5012, '中债国债到期收益率_1年': 2.5017, '中债国债到期收益率_2年': 2.6233, '中债国债到期收益率_3年': 2.7776, '中债国债到期收益率_4年': 2.8424, '中债国债到期收益率_5年': 2.8965, '中债国债到期收益率_6年': 3.0149, '中债国债到期收益率_7年': 3.1031, '中债国债到期收益率_8年': 3.1283, '中债国债到期收益率_9年': 3.1366, '中债国债到期收益率_10年': 3.141, '中债国债到期收益率_15年': 3.4035, '中债国债到期收益率_20年': 3.4389, '中债国债到期收益率_30年': 3.6806, '中债国债到期收益率_40年': 3.6906, '中债国债到期收益率_50年': 3.6996}
{'Date': datetime.date(2019, 1, 4), 'SHIBOR_隔夜': 1.649, 'SHIBOR_1周': 2.563, 'SHIBOR_2周': 2.615, 'SHIBOR_1个月': 3.01, 'SHIBOR_3个月': 3.215, 'SHIBOR_6个月': 3.27, 'SHIBOR_9个月': 3.453, 'SHIBOR_1年': 3.497}
Sucessful
{'Date': datetime.date(2019, 1, 2), 'SHIBOR_隔夜': 2.3, 'SHIBOR_1周': 2.634, 'SHIBOR_2周': 2.802, 'SHIBOR_1个月': 3.2, 'SHIBOR_3个月': 3.285, 'SHIBOR_6个月': 3.292, 'SHIBOR_9个月': 3.472, 'SHIBOR_1年': 3.511, '中债国债到期收益率_0年': 1.442, '中债国债到期收益率_1个月': 2.3345, '中债国债到期收益率_2个月': 2.522, '中债国债到期收益率_3个月': 2.5237, '中债国债到期收益率_6个月': 2.5497, '中债国债到期收益率_9个月': 2.5495, '中债国债到期收益率_1年': 2.5014, '中债国债到期收益率_2年': 2.6167, '中债国债到期收益率_3年': 2.7859, '中债国债到期收益率_4年': 2.8772, '中债国债到期收益率_5年': 2.9466, '中债国债到期收益率_6年': 3.0186, '中债国债到期收益率_7年': 3.0876, '中债国债到期收益率_8年': 3.1344, '中债国债到期收益率_9年': 3.1528, '中债国债到期收益率_10年': 3.1734, '中债国债到期收益率_15年': 3.4159, '中债国债到期收益率_20年': 3.4513, '中债国债到期收益率_30年': 3.6756, '中债国债到期收益率_40年': 3.6856, '中债国债到期收益率_50年': 3.6946}
{'Date': datetime.date(2019, 1, 3), 'SHIBOR_隔夜': 1.968, 'SHIBOR_1周': 2.547, 'SHIBOR_2周': 2.673, 'SHIBOR_1个月': 3.084, 'SHIBOR_3个月': 3.246, 'SHIBOR_6个月': 3.286, 'SHIBOR_9个月': 3.466, 'SHIBOR_1年': 3.507, '中债国债到期收益率_0年': 1.442, '中债国债到期收益率_1个月': 2.3087, '中债国债到期收益率_2个月': 2.4424, '中债国债到期收益率_3个月': 2.4709, '中债国债到期收益率_6个月': 2.5001, '中债国债到期收益率_9个月': 2.5012, '中债国债到期收益率_1年': 2.5017, '中债国债到期收益率_2年': 2.6233, '中债国债到期收益率_3年': 2.7776, '中债国债到期收益率_4年': 2.8424, '中债国债到期收益率_5年': 2.8965, '中债国债到期收益率_6年': 3.0149, '中债国债到期收益率_7年': 3.1031, '中债国债到期收益率_8年': 3.1283, '中债国债到期收益率_9年': 3.1366, '中债国债到期收益率_10年': 3.141, '中债国债到期收益率_15年': 3.4035, '中债国债到期收益率_20年': 3.4389, '中债国债到期收益率_30年': 3.6806, '中债国债到期收益率_40年': 3.6906, '中债国债到期收益率_50年': 3.6996}
{'Date': datetime.date(2019, 1, 4), 'SHIBOR_隔夜': 1.649, 'SHIBOR_1周': 2.563, 'SHIBOR_2周': 2.615, 'SHIBOR_1个月': 3.01, 'SHIBOR_3个月': 3.215, 'SHIBOR_6个月': 3.27, 'SHIBOR_9个月': 3.453, 'SHIBOR_1年': 3.497}
{'Date': datetime.date(2019, 1, 2), 'SHIBOR_隔夜': 2.3, 'SHIBOR_1周': 2.634, 'SHIBOR_2周': 2.802, 'SHIBOR_1个月': 3.2, 'SHIBOR_3个月': 3.285, 'SHIBOR_6个月': 3.292, 'SHIBOR_9个月': 3.472, 'SHIBOR_1年': 3.511, '中债国债到期收益率_0年': 1.442, '中债国债到期收益率_1个月': 2.3345, '中债国债到期收益率_2个月': 2.522, '中债国债到期收益率_3个月': 2.5237, '中债国债到期收益率_6个月': 2.5497, '中债国债到期收益率_9个月': 2.5495, '中债国债到期收益率_1年': 2.5014, '中债国债到期收益率_2年': 2.6167, '中债国债到期收益率_3年': 2.7859, '中债国债到期收益率_4年': 2.8772, '中债国债到期收益率_5年': 2.9466, '中债国债到期收益率_6年': 3.0186, '中债国债到期收益率_7年': 3.0876, '中债国债到期收益率_8年': 3.1344, '中债国债到期收益率_9年': 3.1528, '中债国债到期收益率_10年': 3.1734, '中债国债到期收益率_15年': 3.4159, '中债国债到期收益率_20年': 3.4513, '中债国债到期收益率_30年': 3.6756, '中债国债到期收益率_40年': 3.6856, '中债国债到期收益率_50年': 3.6946}
{'Date': datetime.date(2019, 1, 3), 'SHIBOR_隔夜': 1.968, 'SHIBOR_1周': 2.547, 'SHIBOR_2周': 2.673, 'SHIBOR_1个月': 3.084, 'SHIBOR_3个月': 3.246, 'SHIBOR_6个月': 3.286, 'SHIBOR_9个月': 3.466, 'SHIBOR_1年': 3.507, '中债国债到期收益率_0年': 1.442, '中债国债到期收益率_1个月': 2.3087, '中债国债到期收益率_2个月': 2.4424, '中债国债到期收益率_3个月': 2.4709, '中债国债到期收益率_6个月': 2.5001, '中债国债到期收益率_9个月': 2.5012, '中债国债到期收益率_1年': 2.5017, '中债国债到期收益率_2年': 2.6233, '中债国债到期收益率_3年': 2.7776, '中债国债到期收益率_4年': 2.8424, '中债国债到期收益率_5年': 2.8965, '中债国债到期收益率_6年': 3.0149, '中债国债到期收益率_7年': 3.1031, '中债国债到期收益率_8年': 3.1283, '中债国债到期收益率_9年': 3.1366, '中债国债到期收益率_10年': 3.141, '中债国债到期收益率_15年': 3.4035, '中债国债到期收益率_20年': 3.4389, '中债国债到期收益率_30年': 3.6806, '中债国债到期收益率_40年': 3.6906, '中债国债到期收益率_50年': 3.6996}
{'Date': datetime.date(2019, 1, 4), 'SHIBOR_隔夜': 1.649, 'SHIBOR_1周': 2.563, 'SHIBOR_2周': 2.615, 'SHIBOR_1个月': 3.01, 'SHIBOR_3个月': 3.215, 'SHIBOR_6个月': 3.27, 'SHIBOR_9个月': 3.453, 'SHIBOR_1年': 3.497}
{'Date': datetime.date(2019, 1, 2), 'SHIBOR_隔夜': 2.3, 'SHIBOR_1周': 2.634, 'SHIBOR_2周': 2.802, 'SHIBOR_1个月': 3.2, 'SHIBOR_3个月': 3.285, 'SHIBOR_6个月': 3.292, 'SHIBOR_9个月': 3.472, 'SHIBOR_1年': 3.511, '中债国债到期收益率_0年': 1.442, '中债国债到期收益率_1个月': 2.3345, '中债国债到期收益率_2个月': 2.522, '中债国债到期收益率_3个月': 2.5237, '中债国债到期收益率_6个月': 2.5497, '中债国债到期收益率_9个月': 2.5495, '中债国债到期收益率_1年': 2.5014, '中债国债到期收益率_2年': 2.6167, '中债国债到期收益率_3年': 2.7859, '中债国债到期收益率_4年': 2.8772, '中债国债到期收益率_5年': 2.9466, '中债国债到期收益率_6年': 3.0186, '中债国债到期收益率_7年': 3.0876, '中债国债到期收益率_8年': 3.1344, '中债国债到期收益率_9年': 3.1528, '中债国债到期收益率_10年': 3.1734, '中债国债到期收益率_15年': 3.4159, '中债国债到期收益率_20年': 3.4513, '中债国债到期收益率_30年': 3.6756, '中债国债到期收益率_40年': 3.6856, '中债国债到期收益率_50年': 3.6946}
{'Date': datetime.date(2019, 1, 3), 'SHIBOR_隔夜': 1.968, 'SHIBOR_1周': 2.547, 'SHIBOR_2周': 2.673, 'SHIBOR_1个月': 3.084, 'SHIBOR_3个月': 3.246, 'SHIBOR_6个月': 3.286, 'SHIBOR_9个月': 3.466, 'SHIBOR_1年': 3.507, '中债国债到期收益率_0年': 1.442, '中债国债到期收益率_1个月': 2.3087, '中债国债到期收益率_2个月': 2.4424, '中债国债到期收益率_3个月': 2.4709, '中债国债到期收益率_6个月': 2.5001, '中债国债到期收益率_9个月': 2.5012, '中债国债到期收益率_1年': 2.5017, '中债国债到期收益率_2年': 2.6233, '中债国债到期收益率_3年': 2.7776, '中债国债到期收益率_4年': 2.8424, '中债国债到期收益率_5年': 2.8965, '中债国债到期收益率_6年': 3.0149, '中债国债到期收益率_7年': 3.1031, '中债国债到期收益率_8年': 3.1283, '中债国债到期收益率_9年': 3.1366, '中债国债到期收益率_10年': 3.141, '中债国债到期收益率_15年': 3.4035, '中债国债到期收益率_20年': 3.4389, '中债国债到期收益率_30年': 3.6806, '中债国债到期收益率_40年': 3.6906, '中债国债到期收益率_50年': 3.6996}
{'Date': datetime.date(2019, 1, 4), 'SHIBOR_隔夜': 1.649, 'SHIBOR_1周': 2.563, 'SHIBOR_2周': 2.615, 'SHIBOR_1个月': 3.01, 'SHIBOR_3个月': 3.215, 'SHIBOR_6个月': 3.27, 'SHIBOR_9个月': 3.453, 'SHIBOR_1年': 3.497}
{'Date': datetime.date(2019, 1, 2), 'SHIBOR_隔夜': 2.3, 'SHIBOR_1周': 2.634, 'SHIBOR_2周': 2.802, 'SHIBOR_1个月': 3.2, 'SHIBOR_3个月': 3.285, 'SHIBOR_6个月': 3.292, 'SHIBOR_9个月': 3.472, 'SHIBOR_1年': 3.511, '中债国债到期收益率_0年': 1.442, '中债国债到期收益率_1个月': 2.3345, '中债国债到期收益率_2个月': 2.522, '中债国债到期收益率_3个月': 2.5237, '中债国债到期收益率_6个月': 2.5497, '中债国债到期收益率_9个月': 2.5495, '中债国债到期收益率_1年': 2.5014, '中债国债到期收益率_2年': 2.6167, '中债国债到期收益率_3年': 2.7859, '中债国债到期收益率_4年': 2.8772, '中债国债到期收益率_5年': 2.9466, '中债国债到期收益率_6年': 3.0186, '中债国债到期收益率_7年': 3.0876, '中债国债到期收益率_8年': 3.1344, '中债国债到期收益率_9年': 3.1528, '中债国债到期收益率_10年': 3.1734, '中债国债到期收益率_15年': 3.4159, '中债国债到期收益率_20年': 3.4513, '中债国债到期收益率_30年': 3.6756, '中债国债到期收益率_40年': 3.6856, '中债国债到期收益率_50年': 3.6946}
{'Date': datetime.date(2019, 1, 3), 'SHIBOR_隔夜': 1.968, 'SHIBOR_1周': 2.547, 'SHIBOR_2周': 2.673, 'SHIBOR_1个月': 3.084, 'SHIBOR_3个月': 3.246, 'SHIBOR_6个月': 3.286, 'SHIBOR_9个月': 3.466, 'SHIBOR_1年': 3.507, '中债国债到期收益率_0年': 1.442, '中债国债到期收益率_1个月': 2.3087, '中债国债到期收益率_2个月': 2.4424, '中债国债到期收益率_3个月': 2.4709, '中债国债到期收益率_6个月': 2.5001, '中债国债到期收益率_9个月': 2.5012, '中债国债到期收益率_1年': 2.5017, '中债国债到期收益率_2年': 2.6233, '中债国债到期收益率_3年': 2.7776, '中债国债到期收益率_4年': 2.8424, '中债国债到期收益率_5年': 2.8965, '中债国债到期收益率_6年': 3.0149, '中债国债到期收益率_7年': 3.1031, '中债国债到期收益率_8年': 3.1283, '中债国债到期收益率_9年': 3.1366, '中债国债到期收益率_10年': 3.141, '中债国债到期收益率_15年': 3.4035, '中债国债到期收益率_20年': 3.4389, '中债国债到期收益率_30年': 3.6806, '中债国债到期收益率_40年': 3.6906, '中债国债到期收益率_50年': 3.6996}
{'Date': datetime.date(2019, 1, 4), 'SHIBOR_隔夜': 1.649, 'SHIBOR_1周': 2.563, 'SHIBOR_2周': 2.615, 'SHIBOR_1个月': 3.01, 'SHIBOR_3个月': 3.215, 'SHIBOR_6个月': 3.27, 'SHIBOR_9个月': 3.453, 'SHIBOR_1年': 3.497}
{'Date': datetime.date(2019, 1, 2), 'SHIBOR_隔夜': 2.3, 'SHIBOR_1周': 2.634, 'SHIBOR_2周': 2.802, 'SHIBOR_1个月': 3.2, 'SHIBOR_3个月': 3.285, 'SHIBOR_6个月': 3.292, 'SHIBOR_9个月': 3.472, 'SHIBOR_1年': 3.511, '中债国债到期收益率_0年': 1.442, '中债国债到期收益率_1个月': 2.3345, '中债国债到期收益率_2个月': 2.522, '中债国债到期收益率_3个月': 2.5237, '中债国债到期收益率_6个月': 2.5497, '中债国债到期收益率_9个月': 2.5495, '中债国债到期收益率_1年': 2.5014, '中债国债到期收益率_2年': 2.6167, '中债国债到期收益率_3年': 2.7859, '中债国债到期收益率_4年': 2.8772, '中债国债到期收益率_5年': 2.9466, '中债国债到期收益率_6年': 3.0186, '中债国债到期收益率_7年': 3.0876, '中债国债到期收益率_8年': 3.1344, '中债国债到期收益率_9年': 3.1528, '中债国债到期收益率_10年': 3.1734, '中债国债到期收益率_15年': 3.4159, '中债国债到期收益率_20年': 3.4513, '中债国债到期收益率_30年': 3.6756, '中债国债到期收益率_40年': 3.6856, '中债国债到期收益率_50年': 3.6946}
{'Date': datetime.date(2019, 1, 3), 'SHIBOR_隔夜': 1.968, 'SHIBOR_1周': 2.547, 'SHIBOR_2周': 2.673, 'SHIBOR_1个月': 3.084, 'SHIBOR_3个月': 3.246, 'SHIBOR_6个月': 3.286, 'SHIBOR_9个月': 3.466, 'SHIBOR_1年': 3.507, '中债国债到期收益率_0年': 1.442, '中债国债到期收益率_1个月': 2.3087, '中债国债到期收益率_2个月': 2.4424, '中债国债到期收益率_3个月': 2.4709, '中债国债到期收益率_6个月': 2.5001, '中债国债到期收益率_9个月': 2.5012, '中债国债到期收益率_1年': 2.5017, '中债国债到期收益率_2年': 2.6233, '中债国债到期收益率_3年': 2.7776, '中债国债到期收益率_4年': 2.8424, '中债国债到期收益率_5年': 2.8965, '中债国债到期收益率_6年': 3.0149, '中债国债到期收益率_7年': 3.1031, '中债国债到期收益率_8年': 3.1283, '中债国债到期收益率_9年': 3.1366, '中债国债到期收益率_10年': 3.141, '中债国债到期收益率_15年': 3.4035, '中债国债到期收益率_20年': 3.4389, '中债国债到期收益率_30年': 3.6806, '中债国债到期收益率_40年': 3.6906, '中债国债到期收益率_50年': 3.6996}
{'Date': datetime.date(2019, 1, 4), 'SHIBOR_隔夜': 1.649, 'SHIBOR_1周': 2.563, 'SHIBOR_2周': 2.615, 'SHIBOR_1个月': 3.01, 'SHIBOR_3个月': 3.215, 'SHIBOR_6个月': 3.27, 'SHIBOR_9个月': 3.453, 'SHIBOR_1年': 3.497, '中债国债到期收益率_0年': 1.442, '中债国债到期收益率_1个月': 2.2738, '中债国债到期收益率_2个月': 2.3603, '中债国债到期收益率_3个月': 2.3251, '中债国债到期收益率_6个月': 2.437, '中债国债到期收益率_9个月': 2.4514, '中债国债到期收益率_1年': 2.4525, '中债国债到期收益率_2年': 2.6069, '中债国债到期收益率_3年': 2.7922, '中债国债到期收益率_4年': 2.8478, '中债国债到期收益率_5年': 2.885, '中债国债到期收益率_6年': 3.0055, '中债国债到期收益率_7年': 3.104, '中债国债到期收益率_8年': 3.1351, '中债国债到期收益率_9年': 3.1452, '中债国债到期收益率_10年': 3.1513, '中债国债到期收益率_15年': 3.4186, '中债国债到期收益率_20年': 3.454, '中债国债到期收益率_30年': 3.7007, '中债国债到期收益率_40年': 3.7107, '中债国债到期收益率_50年': 3.7197}
Sucessful
{'Date': datetime.date(2019, 1, 2), 'SHIBOR_隔夜': 2.3, 'SHIBOR_1周': 2.634, 'SHIBOR_2周': 2.802, 'SHIBOR_1个月': 3.2, 'SHIBOR_3个月': 3.285, 'SHIBOR_6个月': 3.292, 'SHIBOR_9个月': 3.472, 'SHIBOR_1年': 3.511, '中债国债到期收益率_0年': 1.442, '中债国债到期收益率_1个月': 2.3345, '中债国债到期收益率_2个月': 2.522, '中债国债到期收益率_3个月': 2.5237, '中债国债到期收益率_6个月': 2.5497, '中债国债到期收益率_9个月': 2.5495, '中债国债到期收益率_1年': 2.5014, '中债国债到期收益率_2年': 2.6167, '中债国债到期收益率_3年': 2.7859, '中债国债到期收益率_4年': 2.8772, '中债国债到期收益率_5年': 2.9466, '中债国债到期收益率_6年': 3.0186, '中债国债到期收益率_7年': 3.0876, '中债国债到期收益率_8年': 3.1344, '中债国债到期收益率_9年': 3.1528, '中债国债到期收益率_10年': 3.1734, '中债国债到期收益率_15年': 3.4159, '中债国债到期收益率_20年': 3.4513, '中债国债到期收益率_30年': 3.6756, '中债国债到期收益率_40年': 3.6856, '中债国债到期收益率_50年': 3.6946}
{'Date': datetime.date(2019, 1, 3), 'SHIBOR_隔夜': 1.968, 'SHIBOR_1周': 2.547, 'SHIBOR_2周': 2.673, 'SHIBOR_1个月': 3.084, 'SHIBOR_3个月': 3.246, 'SHIBOR_6个月': 3.286, 'SHIBOR_9个月': 3.466, 'SHIBOR_1年': 3.507, '中债国债到期收益率_0年': 1.442, '中债国债到期收益率_1个月': 2.3087, '中债国债到期收益率_2个月': 2.4424, '中债国债到期收益率_3个月': 2.4709, '中债国债到期收益率_6个月': 2.5001, '中债国债到期收益率_9个月': 2.5012, '中债国债到期收益率_1年': 2.5017, '中债国债到期收益率_2年': 2.6233, '中债国债到期收益率_3年': 2.7776, '中债国债到期收益率_4年': 2.8424, '中债国债到期收益率_5年': 2.8965, '中债国债到期收益率_6年': 3.0149, '中债国债到期收益率_7年': 3.1031, '中债国债到期收益率_8年': 3.1283, '中债国债到期收益率_9年': 3.1366, '中债国债到期收益率_10年': 3.141, '中债国债到期收益率_15年': 3.4035, '中债国债到期收益率_20年': 3.4389, '中债国债到期收益率_30年': 3.6806, '中债国债到期收益率_40年': 3.6906, '中债国债到期收益率_50年': 3.6996}
{'Date': datetime.date(2019, 1, 4), 'SHIBOR_隔夜': 1.649, 'SHIBOR_1周': 2.563, 'SHIBOR_2周': 2.615, 'SHIBOR_1个月': 3.01, 'SHIBOR_3个月': 3.215, 'SHIBOR_6个月': 3.27, 'SHIBOR_9个月': 3.453, 'SHIBOR_1年': 3.497, '中债国债到期收益率_0年': 1.442, '中债国债到期收益率_1个月': 2.2738, '中债国债到期收益率_2个月': 2.3603, '中债国债到期收益率_3个月': 2.3251, '中债国债到期收益率_6个月': 2.437, '中债国债到期收益率_9个月': 2.4514, '中债国债到期收益率_1年': 2.4525, '中债国债到期收益率_2年': 2.6069, '中债国债到期收益率_3年': 2.7922, '中债国债到期收益率_4年': 2.8478, '中债国债到期收益率_5年': 2.885, '中债国债到期收益率_6年': 3.0055, '中债国债到期收益率_7年': 3.104, '中债国债到期收益率_8年': 3.1351, '中债国债到期收益率_9年': 3.1452, '中债国债到期收益率_10年': 3.1513, '中债国债到期收益率_15年': 3.4186, '中债国债到期收益率_20年': 3.454, '中债国债到期收益率_30年': 3.7007, '中债国债到期收益率_40年': 3.7107, '中债国债到期收益率_50年': 3.7197}
{'Date': datetime.date(2019, 1, 2), 'SHIBOR_隔夜': 2.3, 'SHIBOR_1周': 2.634, 'SHIBOR_2周': 2.802, 'SHIBOR_1个月': 3.2, 'SHIBOR_3个月': 3.285, 'SHIBOR_6个月': 3.292, 'SHIBOR_9个月': 3.472, 'SHIBOR_1年': 3.511, '中债国债到期收益率_0年': 1.442, '中债国债到期收益率_1个月': 2.3345, '中债国债到期收益率_2个月': 2.522, '中债国债到期收益率_3个月': 2.5237, '中债国债到期收益率_6个月': 2.5497, '中债国债到期收益率_9个月': 2.5495, '中债国债到期收益率_1年': 2.5014, '中债国债到期收益率_2年': 2.6167, '中债国债到期收益率_3年': 2.7859, '中债国债到期收益率_4年': 2.8772, '中债国债到期收益率_5年': 2.9466, '中债国债到期收益率_6年': 3.0186, '中债国债到期收益率_7年': 3.0876, '中债国债到期收益率_8年': 3.1344, '中债国债到期收益率_9年': 3.1528, '中债国债到期收益率_10年': 3.1734, '中债国债到期收益率_15年': 3.4159, '中债国债到期收益率_20年': 3.4513, '中债国债到期收益率_30年': 3.6756, '中债国债到期收益率_40年': 3.6856, '中债国债到期收益率_50年': 3.6946}
{'Date': datetime.date(2019, 1, 3), 'SHIBOR_隔夜': 1.968, 'SHIBOR_1周': 2.547, 'SHIBOR_2周': 2.673, 'SHIBOR_1个月': 3.084, 'SHIBOR_3个月': 3.246, 'SHIBOR_6个月': 3.286, 'SHIBOR_9个月': 3.466, 'SHIBOR_1年': 3.507, '中债国债到期收益率_0年': 1.442, '中债国债到期收益率_1个月': 2.3087, '中债国债到期收益率_2个月': 2.4424, '中债国债到期收益率_3个月': 2.4709, '中债国债到期收益率_6个月': 2.5001, '中债国债到期收益率_9个月': 2.5012, '中债国债到期收益率_1年': 2.5017, '中债国债到期收益率_2年': 2.6233, '中债国债到期收益率_3年': 2.7776, '中债国债到期收益率_4年': 2.8424, '中债国债到期收益率_5年': 2.8965, '中债国债到期收益率_6年': 3.0149, '中债国债到期收益率_7年': 3.1031, '中债国债到期收益率_8年': 3.1283, '中债国债到期收益率_9年': 3.1366, '中债国债到期收益率_10年': 3.141, '中债国债到期收益率_15年': 3.4035, '中债国债到期收益率_20年': 3.4389, '中债国债到期收益率_30年': 3.6806, '中债国债到期收益率_40年': 3.6906, '中债国债到期收益率_50年': 3.6996}
{'Date': datetime.date(2019, 1, 4), 'SHIBOR_隔夜': 1.649, 'SHIBOR_1周': 2.563, 'SHIBOR_2周': 2.615, 'SHIBOR_1个月': 3.01, 'SHIBOR_3个月': 3.215, 'SHIBOR_6个月': 3.27, 'SHIBOR_9个月': 3.453, 'SHIBOR_1年': 3.497, '中债国债到期收益率_0年': 1.442, '中债国债到期收益率_1个月': 2.2738, '中债国债到期收益率_2个月': 2.3603, '中债国债到期收益率_3个月': 2.3251, '中债国债到期收益率_6个月': 2.437, '中债国债到期收益率_9个月': 2.4514, '中债国债到期收益率_1年': 2.4525, '中债国债到期收益率_2年': 2.6069, '中债国债到期收益率_3年': 2.7922, '中债国债到期收益率_4年': 2.8478, '中债国债到期收益率_5年': 2.885, '中债国债到期收益率_6年': 3.0055, '中债国债到期收益率_7年': 3.104, '中债国债到期收益率_8年': 3.1351, '中债国债到期收益率_9年': 3.1452, '中债国债到期收益率_10年': 3.1513, '中债国债到期收益率_15年': 3.4186, '中债国债到期收益率_20年': 3.454, '中债国债到期收益率_30年': 3.7007, '中债国债到期收益率_40年': 3.7107, '中债国债到期收益率_50年': 3.7197}
{'Date': datetime.date(2019, 1, 2), 'SHIBOR_隔夜': 2.3, 'SHIBOR_1周': 2.634, 'SHIBOR_2周': 2.802, 'SHIBOR_1个月': 3.2, 'SHIBOR_3个月': 3.285, 'SHIBOR_6个月': 3.292, 'SHIBOR_9个月': 3.472, 'SHIBOR_1年': 3.511, '中债国债到期收益率_0年': 1.442, '中债国债到期收益率_1个月': 2.3345, '中债国债到期收益率_2个月': 2.522, '中债国债到期收益率_3个月': 2.5237, '中债国债到期收益率_6个月': 2.5497, '中债国债到期收益率_9个月': 2.5495, '中债国债到期收益率_1年': 2.5014, '中债国债到期收益率_2年': 2.6167, '中债国债到期收益率_3年': 2.7859, '中债国债到期收益率_4年': 2.8772, '中债国债到期收益率_5年': 2.9466, '中债国债到期收益率_6年': 3.0186, '中债国债到期收益率_7年': 3.0876, '中债国债到期收益率_8年': 3.1344, '中债国债到期收益率_9年': 3.1528, '中债国债到期收益率_10年': 3.1734, '中债国债到期收益率_15年': 3.4159, '中债国债到期收益率_20年': 3.4513, '中债国债到期收益率_30年': 3.6756, '中债国债到期收益率_40年': 3.6856, '中债国债到期收益率_50年': 3.6946}
{'Date': datetime.date(2019, 1, 3), 'SHIBOR_隔夜': 1.968, 'SHIBOR_1周': 2.547, 'SHIBOR_2周': 2.673, 'SHIBOR_1个月': 3.084, 'SHIBOR_3个月': 3.246, 'SHIBOR_6个月': 3.286, 'SHIBOR_9个月': 3.466, 'SHIBOR_1年': 3.507, '中债国债到期收益率_0年': 1.442, '中债国债到期收益率_1个月': 2.3087, '中债国债到期收益率_2个月': 2.4424, '中债国债到期收益率_3个月': 2.4709, '中债国债到期收益率_6个月': 2.5001, '中债国债到期收益率_9个月': 2.5012, '中债国债到期收益率_1年': 2.5017, '中债国债到期收益率_2年': 2.6233, '中债国债到期收益率_3年': 2.7776, '中债国债到期收益率_4年': 2.8424, '中债国债到期收益率_5年': 2.8965, '中债国债到期收益率_6年': 3.0149, '中债国债到期收益率_7年': 3.1031, '中债国债到期收益率_8年': 3.1283, '中债国债到期收益率_9年': 3.1366, '中债国债到期收益率_10年': 3.141, '中债国债到期收益率_15年': 3.4035, '中债国债到期收益率_20年': 3.4389, '中债国债到期收益率_30年': 3.6806, '中债国债到期收益率_40年': 3.6906, '中债国债到期收益率_50年': 3.6996}
{'Date': datetime.date(2019, 1, 4), 'SHIBOR_隔夜': 1.649, 'SHIBOR_1周': 2.563, 'SHIBOR_2周': 2.615, 'SHIBOR_1个月': 3.01, 'SHIBOR_3个月': 3.215, 'SHIBOR_6个月': 3.27, 'SHIBOR_9个月': 3.453, 'SHIBOR_1年': 3.497, '中债国债到期收益率_0年': 1.442, '中债国债到期收益率_1个月': 2.2738, '中债国债到期收益率_2个月': 2.3603, '中债国债到期收益率_3个月': 2.3251, '中债国债到期收益率_6个月': 2.437, '中债国债到期收益率_9个月': 2.4514, '中债国债到期收益率_1年': 2.4525, '中债国债到期收益率_2年': 2.6069, '中债国债到期收益率_3年': 2.7922, '中债国债到期收益率_4年': 2.8478, '中债国债到期收益率_5年': 2.885, '中债国债到期收益率_6年': 3.0055, '中债国债到期收益率_7年': 3.104, '中债国债到期收益率_8年': 3.1351, '中债国债到期收益率_9年': 3.1452, '中债国债到期收益率_10年': 3.1513, '中债国债到期收益率_15年': 3.4186, '中债国债到期收益率_20年': 3.454, '中债国债到期收益率_30年': 3.7007, '中债国债到期收益率_40年': 3.7107, '中债国债到期收益率_50年': 3.7197}
{'Date': datetime.date(2019, 1, 2), 'SHIBOR_隔夜': 2.3, 'SHIBOR_1周': 2.634, 'SHIBOR_2周': 2.802, 'SHIBOR_1个月': 3.2, 'SHIBOR_3个月': 3.285, 'SHIBOR_6个月': 3.292, 'SHIBOR_9个月': 3.472, 'SHIBOR_1年': 3.511, '中债国债到期收益率_0年': 1.442, '中债国债到期收益率_1个月': 2.3345, '中债国债到期收益率_2个月': 2.522, '中债国债到期收益率_3个月': 2.5237, '中债国债到期收益率_6个月': 2.5497, '中债国债到期收益率_9个月': 2.5495, '中债国债到期收益率_1年': 2.5014, '中债国债到期收益率_2年': 2.6167, '中债国债到期收益率_3年': 2.7859, '中债国债到期收益率_4年': 2.8772, '中债国债到期收益率_5年': 2.9466, '中债国债到期收益率_6年': 3.0186, '中债国债到期收益率_7年': 3.0876, '中债国债到期收益率_8年': 3.1344, '中债国债到期收益率_9年': 3.1528, '中债国债到期收益率_10年': 3.1734, '中债国债到期收益率_15年': 3.4159, '中债国债到期收益率_20年': 3.4513, '中债国债到期收益率_30年': 3.6756, '中债国债到期收益率_40年': 3.6856, '中债国债到期收益率_50年': 3.6946}
{'Date': datetime.date(2019, 1, 3), 'SHIBOR_隔夜': 1.968, 'SHIBOR_1周': 2.547, 'SHIBOR_2周': 2.673, 'SHIBOR_1个月': 3.084, 'SHIBOR_3个月': 3.246, 'SHIBOR_6个月': 3.286, 'SHIBOR_9个月': 3.466, 'SHIBOR_1年': 3.507, '中债国债到期收益率_0年': 1.442, '中债国债到期收益率_1个月': 2.3087, '中债国债到期收益率_2个月': 2.4424, '中债国债到期收益率_3个月': 2.4709, '中债国债到期收益率_6个月': 2.5001, '中债国债到期收益率_9个月': 2.5012, '中债国债到期收益率_1年': 2.5017, '中债国债到期收益率_2年': 2.6233, '中债国债到期收益率_3年': 2.7776, '中债国债到期收益率_4年': 2.8424, '中债国债到期收益率_5年': 2.8965, '中债国债到期收益率_6年': 3.0149, '中债国债到期收益率_7年': 3.1031, '中债国债到期收益率_8年': 3.1283, '中债国债到期收益率_9年': 3.1366, '中债国债到期收益率_10年': 3.141, '中债国债到期收益率_15年': 3.4035, '中债国债到期收益率_20年': 3.4389, '中债国债到期收益率_30年': 3.6806, '中债国债到期收益率_40年': 3.6906, '中债国债到期收益率_50年': 3.6996}
{'Date': datetime.date(2019, 1, 4), 'SHIBOR_隔夜': 1.649, 'SHIBOR_1周': 2.563, 'SHIBOR_2周': 2.615, 'SHIBOR_1个月': 3.01, 'SHIBOR_3个月': 3.215, 'SHIBOR_6个月': 3.27, 'SHIBOR_9个月': 3.453, 'SHIBOR_1年': 3.497, '中债国债到期收益率_0年': 1.442, '中债国债到期收益率_1个月': 2.2738, '中债国债到期收益率_2个月': 2.3603, '中债国债到期收益率_3个月': 2.3251, '中债国债到期收益率_6个月': 2.437, '中债国债到期收益率_9个月': 2.4514, '中债国债到期收益率_1年': 2.4525, '中债国债到期收益率_2年': 2.6069, '中债国债到期收益率_3年': 2.7922, '中债国债到期收益率_4年': 2.8478, '中债国债到期收益率_5年': 2.885, '中债国债到期收益率_6年': 3.0055, '中债国债到期收益率_7年': 3.104, '中债国债到期收益率_8年': 3.1351, '中债国债到期收益率_9年': 3.1452, '中债国债到期收益率_10年': 3.1513, '中债国债到期收益率_15年': 3.4186, '中债国债到期收益率_20年': 3.454, '中债国债到期收益率_30年': 3.7007, '中债国债到期收益率_40年': 3.7107, '中债国债到期收益率_50年': 3.7197}
{'Date': datetime.date(2019, 1, 2), 'SHIBOR_隔夜': 2.3, 'SHIBOR_1周': 2.634, 'SHIBOR_2周': 2.802, 'SHIBOR_1个月': 3.2, 'SHIBOR_3个月': 3.285, 'SHIBOR_6个月': 3.292, 'SHIBOR_9个月': 3.472, 'SHIBOR_1年': 3.511, '中债国债到期收益率_0年': 1.442, '中债国债到期收益率_1个月': 2.3345, '中债国债到期收益率_2个月': 2.522, '中债国债到期收益率_3个月': 2.5237, '中债国债到期收益率_6个月': 2.5497, '中债国债到期收益率_9个月': 2.5495, '中债国债到期收益率_1年': 2.5014, '中债国债到期收益率_2年': 2.6167, '中债国债到期收益率_3年': 2.7859, '中债国债到期收益率_4年': 2.8772, '中债国债到期收益率_5年': 2.9466, '中债国债到期收益率_6年': 3.0186, '中债国债到期收益率_7年': 3.0876, '中债国债到期收益率_8年': 3.1344, '中债国债到期收益率_9年': 3.1528, '中债国债到期收益率_10年': 3.1734, '中债国债到期收益率_15年': 3.4159, '中债国债到期收益率_20年': 3.4513, '中债国债到期收益率_30年': 3.6756, '中债国债到期收益率_40年': 3.6856, '中债国债到期收益率_50年': 3.6946}
{'Date': datetime.date(2019, 1, 3), 'SHIBOR_隔夜': 1.968, 'SHIBOR_1周': 2.547, 'SHIBOR_2周': 2.673, 'SHIBOR_1个月': 3.084, 'SHIBOR_3个月': 3.246, 'SHIBOR_6个月': 3.286, 'SHIBOR_9个月': 3.466, 'SHIBOR_1年': 3.507, '中债国债到期收益率_0年': 1.442, '中债国债到期收益率_1个月': 2.3087, '中债国债到期收益率_2个月': 2.4424, '中债国债到期收益率_3个月': 2.4709, '中债国债到期收益率_6个月': 2.5001, '中债国债到期收益率_9个月': 2.5012, '中债国债到期收益率_1年': 2.5017, '中债国债到期收益率_2年': 2.6233, '中债国债到期收益率_3年': 2.7776, '中债国债到期收益率_4年': 2.8424, '中债国债到期收益率_5年': 2.8965, '中债国债到期收益率_6年': 3.0149, '中债国债到期收益率_7年': 3.1031, '中债国债到期收益率_8年': 3.1283, '中债国债到期收益率_9年': 3.1366, '中债国债到期收益率_10年': 3.141, '中债国债到期收益率_15年': 3.4035, '中债国债到期收益率_20年': 3.4389, '中债国债到期收益率_30年': 3.6806, '中债国债到期收益率_40年': 3.6906, '中债国债到期收益率_50年': 3.6996}
{'Date': datetime.date(2019, 1, 4), 'SHIBOR_隔夜': 1.649, 'SHIBOR_1周': 2.563, 'SHIBOR_2周': 2.615, 'SHIBOR_1个月': 3.01, 'SHIBOR_3个月': 3.215, 'SHIBOR_6个月': 3.27, 'SHIBOR_9个月': 3.453, 'SHIBOR_1年': 3.497, '中债国债到期收益率_0年': 1.442, '中债国债到期收益率_1个月': 2.2738, '中债国债到期收益率_2个月': 2.3603, '中债国债到期收益率_3个月': 2.3251, '中债国债到期收益率_6个月': 2.437, '中债国债到期收益率_9个月': 2.4514, '中债国债到期收益率_1年': 2.4525, '中债国债到期收益率_2年': 2.6069, '中债国债到期收益率_3年': 2.7922, '中债国债到期收益率_4年': 2.8478, '中债国债到期收益率_5年': 2.885, '中债国债到期收益率_6年': 3.0055, '中债国债到期收益率_7年': 3.104, '中债国债到期收益率_8年': 3.1351, '中债国债到期收益率_9年': 3.1452, '中债国债到期收益率_10年': 3.1513, '中债国债到期收益率_15年': 3.4186, '中债国债到期收益率_20年': 3.454, '中债国债到期收益率_30年': 3.7007, '中债国债到期收益率_40年': 3.7107, '中债国债到期收益率_50年': 3.7197}
{'Date': datetime.date(2019, 1, 2), 'SHIBOR_隔夜': 2.3, 'SHIBOR_1周': 2.634, 'SHIBOR_2周': 2.802, 'SHIBOR_1个月': 3.2, 'SHIBOR_3个月': 3.285, 'SHIBOR_6个月': 3.292, 'SHIBOR_9个月': 3.472, 'SHIBOR_1年': 3.511, '中债国债到期收益率_0年': 1.442, '中债国债到期收益率_1个月': 2.3345, '中债国债到期收益率_2个月': 2.522, '中债国债到期收益率_3个月': 2.5237, '中债国债到期收益率_6个月': 2.5497, '中债国债到期收益率_9个月': 2.5495, '中债国债到期收益率_1年': 2.5014, '中债国债到期收益率_2年': 2.6167, '中债国债到期收益率_3年': 2.7859, '中债国债到期收益率_4年': 2.8772, '中债国债到期收益率_5年': 2.9466, '中债国债到期收益率_6年': 3.0186, '中债国债到期收益率_7年': 3.0876, '中债国债到期收益率_8年': 3.1344, '中债国债到期收益率_9年': 3.1528, '中债国债到期收益率_10年': 3.1734, '中债国债到期收益率_15年': 3.4159, '中债国债到期收益率_20年': 3.4513, '中债国债到期收益率_30年': 3.6756, '中债国债到期收益率_40年': 3.6856, '中债国债到期收益率_50年': 3.6946}
{'Date': datetime.date(2019, 1, 3), 'SHIBOR_隔夜': 1.968, 'SHIBOR_1周': 2.547, 'SHIBOR_2周': 2.673, 'SHIBOR_1个月': 3.084, 'SHIBOR_3个月': 3.246, 'SHIBOR_6个月': 3.286, 'SHIBOR_9个月': 3.466, 'SHIBOR_1年': 3.507, '中债国债到期收益率_0年': 1.442, '中债国债到期收益率_1个月': 2.3087, '中债国债到期收益率_2个月': 2.4424, '中债国债到期收益率_3个月': 2.4709, '中债国债到期收益率_6个月': 2.5001, '中债国债到期收益率_9个月': 2.5012, '中债国债到期收益率_1年': 2.5017, '中债国债到期收益率_2年': 2.6233, '中债国债到期收益率_3年': 2.7776, '中债国债到期收益率_4年': 2.8424, '中债国债到期收益率_5年': 2.8965, '中债国债到期收益率_6年': 3.0149, '中债国债到期收益率_7年': 3.1031, '中债国债到期收益率_8年': 3.1283, '中债国债到期收益率_9年': 3.1366, '中债国债到期收益率_10年': 3.141, '中债国债到期收益率_15年': 3.4035, '中债国债到期收益率_20年': 3.4389, '中债国债到期收益率_30年': 3.6806, '中债国债到期收益率_40年': 3.6906, '中债国债到期收益率_50年': 3.6996}
{'Date': datetime.date(2019, 1, 4), 'SHIBOR_隔夜': 1.649, 'SHIBOR_1周': 2.563, 'SHIBOR_2周': 2.615, 'SHIBOR_1个月': 3.01, 'SHIBOR_3个月': 3.215, 'SHIBOR_6个月': 3.27, 'SHIBOR_9个月': 3.453, 'SHIBOR_1年': 3.497, '中债国债到期收益率_0年': 1.442, '中债国债到期收益率_1个月': 2.2738, '中债国债到期收益率_2个月': 2.3603, '中债国债到期收益率_3个月': 2.3251, '中债国债到期收益率_6个月': 2.437, '中债国债到期收益率_9个月': 2.4514, '中债国债到期收益率_1年': 2.4525, '中债国债到期收益率_2年': 2.6069, '中债国债到期收益率_3年': 2.7922, '中债国债到期收益率_4年': 2.8478, '中债国债到期收益率_5年': 2.885, '中债国债到期收益率_6年': 3.0055, '中债国债到期收益率_7年': 3.104, '中债国债到期收益率_8年': 3.1351, '中债国债到期收益率_9年': 3.1452, '中债国债到期收益率_10年': 3.1513, '中债国债到期收益率_15年': 3.4186, '中债国债到期收益率_20年': 3.454, '中债国债到期收益率_30年': 3.7007, '中债国债到期收益率_40年': 3.7107, '中债国债到期收益率_50年': 3.7197}
{'Date': datetime.date(2019, 1, 2), 'SHIBOR_隔夜': 2.3, 'SHIBOR_1周': 2.634, 'SHIBOR_2周': 2.802, 'SHIBOR_1个月': 3.2, 'SHIBOR_3个月': 3.285, 'SHIBOR_6个月': 3.292, 'SHIBOR_9个月': 3.472, 'SHIBOR_1年': 3.511, '中债国债到期收益率_0年': 1.442, '中债国债到期收益率_1个月': 2.3345, '中债国债到期收益率_2个月': 2.522, '中债国债到期收益率_3个月': 2.5237, '中债国债到期收益率_6个月': 2.5497, '中债国债到期收益率_9个月': 2.5495, '中债国债到期收益率_1年': 2.5014, '中债国债到期收益率_2年': 2.6167, '中债国债到期收益率_3年': 2.7859, '中债国债到期收益率_4年': 2.8772, '中债国债到期收益率_5年': 2.9466, '中债国债到期收益率_6年': 3.0186, '中债国债到期收益率_7年': 3.0876, '中债国债到期收益率_8年': 3.1344, '中债国债到期收益率_9年': 3.1528, '中债国债到期收益率_10年': 3.1734, '中债国债到期收益率_15年': 3.4159, '中债国债到期收益率_20年': 3.4513, '中债国债到期收益率_30年': 3.6756, '中债国债到期收益率_40年': 3.6856, '中债国债到期收益率_50年': 3.6946}
{'Date': datetime.date(2019, 1, 3), 'SHIBOR_隔夜': 1.968, 'SHIBOR_1周': 2.547, 'SHIBOR_2周': 2.673, 'SHIBOR_1个月': 3.084, 'SHIBOR_3个月': 3.246, 'SHIBOR_6个月': 3.286, 'SHIBOR_9个月': 3.466, 'SHIBOR_1年': 3.507, '中债国债到期收益率_0年': 1.442, '中债国债到期收益率_1个月': 2.3087, '中债国债到期收益率_2个月': 2.4424, '中债国债到期收益率_3个月': 2.4709, '中债国债到期收益率_6个月': 2.5001, '中债国债到期收益率_9个月': 2.5012, '中债国债到期收益率_1年': 2.5017, '中债国债到期收益率_2年': 2.6233, '中债国债到期收益率_3年': 2.7776, '中债国债到期收益率_4年': 2.8424, '中债国债到期收益率_5年': 2.8965, '中债国债到期收益率_6年': 3.0149, '中债国债到期收益率_7年': 3.1031, '中债国债到期收益率_8年': 3.1283, '中债国债到期收益率_9年': 3.1366, '中债国债到期收益率_10年': 3.141, '中债国债到期收益率_15年': 3.4035, '中债国债到期收益率_20年': 3.4389, '中债国债到期收益率_30年': 3.6806, '中债国债到期收益率_40年': 3.6906, '中债国债到期收益率_50年': 3.6996}
{'Date': datetime.date(2019, 1, 4), 'SHIBOR_隔夜': 1.649, 'SHIBOR_1周': 2.563, 'SHIBOR_2周': 2.615, 'SHIBOR_1个月': 3.01, 'SHIBOR_3个月': 3.215, 'SHIBOR_6个月': 3.27, 'SHIBOR_9个月': 3.453, 'SHIBOR_1年': 3.497, '中债国债到期收益率_0年': 1.442, '中债国债到期收益率_1个月': 2.2738, '中债国债到期收益率_2个月': 2.3603, '中债国债到期收益率_3个月': 2.3251, '中债国债到期收益率_6个月': 2.437, '中债国债到期收益率_9个月': 2.4514, '中债国债到期收益率_1年': 2.4525, '中债国债到期收益率_2年': 2.6069, '中债国债到期收益率_3年': 2.7922, '中债国债到期收益率_4年': 2.8478, '中债国债到期收益率_5年': 2.885, '中债国债到期收益率_6年': 3.0055, '中债国债到期收益率_7年': 3.104, '中债国债到期收益率_8年': 3.1351, '中债国债到期收益率_9年': 3.1452, '中债国债到期收益率_10年': 3.1513, '中债国债到期收益率_15年': 3.4186, '中债国债到期收益率_20年': 3.454, '中债国债到期收益率_30年': 3.7007, '中债国债到期收益率_40年': 3.7107, '中债国债到期收益率_50年': 3.7197}
{'Date': datetime.date(2019, 1, 2), 'SHIBOR_隔夜': 2.3, 'SHIBOR_1周': 2.634, 'SHIBOR_2周': 2.802, 'SHIBOR_1个月': 3.2, 'SHIBOR_3个月': 3.285, 'SHIBOR_6个月': 3.292, 'SHIBOR_9个月': 3.472, 'SHIBOR_1年': 3.511, '中债国债到期收益率_0年': 1.442, '中债国债到期收益率_1个月': 2.3345, '中债国债到期收益率_2个月': 2.522, '中债国债到期收益率_3个月': 2.5237, '中债国债到期收益率_6个月': 2.5497, '中债国债到期收益率_9个月': 2.5495, '中债国债到期收益率_1年': 2.5014, '中债国债到期收益率_2年': 2.6167, '中债国债到期收益率_3年': 2.7859, '中债国债到期收益率_4年': 2.8772, '中债国债到期收益率_5年': 2.9466, '中债国债到期收益率_6年': 3.0186, '中债国债到期收益率_7年': 3.0876, '中债国债到期收益率_8年': 3.1344, '中债国债到期收益率_9年': 3.1528, '中债国债到期收益率_10年': 3.1734, '中债国债到期收益率_15年': 3.4159, '中债国债到期收益率_20年': 3.4513, '中债国债到期收益率_30年': 3.6756, '中债国债到期收益率_40年': 3.6856, '中债国债到期收益率_50年': 3.6946}
{'Date': datetime.date(2019, 1, 3), 'SHIBOR_隔夜': 1.968, 'SHIBOR_1周': 2.547, 'SHIBOR_2周': 2.673, 'SHIBOR_1个月': 3.084, 'SHIBOR_3个月': 3.246, 'SHIBOR_6个月': 3.286, 'SHIBOR_9个月': 3.466, 'SHIBOR_1年': 3.507, '中债国债到期收益率_0年': 1.442, '中债国债到期收益率_1个月': 2.3087, '中债国债到期收益率_2个月': 2.4424, '中债国债到期收益率_3个月': 2.4709, '中债国债到期收益率_6个月': 2.5001, '中债国债到期收益率_9个月': 2.5012, '中债国债到期收益率_1年': 2.5017, '中债国债到期收益率_2年': 2.6233, '中债国债到期收益率_3年': 2.7776, '中债国债到期收益率_4年': 2.8424, '中债国债到期收益率_5年': 2.8965, '中债国债到期收益率_6年': 3.0149, '中债国债到期收益率_7年': 3.1031, '中债国债到期收益率_8年': 3.1283, '中债国债到期收益率_9年': 3.1366, '中债国债到期收益率_10年': 3.141, '中债国债到期收益率_15年': 3.4035, '中债国债到期收益率_20年': 3.4389, '中债国债到期收益率_30年': 3.6806, '中债国债到期收益率_40年': 3.6906, '中债国债到期收益率_50年': 3.6996}
{'Date': datetime.date(2019, 1, 4), 'SHIBOR_隔夜': 1.649, 'SHIBOR_1周': 2.563, 'SHIBOR_2周': 2.615, 'SHIBOR_1个月': 3.01, 'SHIBOR_3个月': 3.215, 'SHIBOR_6个月': 3.27, 'SHIBOR_9个月': 3.453, 'SHIBOR_1年': 3.497, '中债国债到期收益率_0年': 1.442, '中债国债到期收益率_1个月': 2.2738, '中债国债到期收益率_2个月': 2.3603, '中债国债到期收益率_3个月': 2.3251, '中债国债到期收益率_6个月': 2.437, '中债国债到期收益率_9个月': 2.4514, '中债国债到期收益率_1年': 2.4525, '中债国债到期收益率_2年': 2.6069, '中债国债到期收益率_3年': 2.7922, '中债国债到期收益率_4年': 2.8478, '中债国债到期收益率_5年': 2.885, '中债国债到期收益率_6年': 3.0055, '中债国债到期收益率_7年': 3.104, '中债国债到期收益率_8年': 3.1351, '中债国债到期收益率_9年': 3.1452, '中债国债到期收益率_10年': 3.1513, '中债国债到期收益率_15年': 3.4186, '中债国债到期收益率_20年': 3.454, '中债国债到期收益率_30年': 3.7007, '中债国债到期收益率_40年': 3.7107, '中债国债到期收益率_50年': 3.7197}
{'Date': datetime.date(2019, 1, 2), 'SHIBOR_隔夜': 2.3, 'SHIBOR_1周': 2.634, 'SHIBOR_2周': 2.802, 'SHIBOR_1个月': 3.2, 'SHIBOR_3个月': 3.285, 'SHIBOR_6个月': 3.292, 'SHIBOR_9个月': 3.472, 'SHIBOR_1年': 3.511, '中债国债到期收益率_0年': 1.442, '中债国债到期收益率_1个月': 2.3345, '中债国债到期收益率_2个月': 2.522, '中债国债到期收益率_3个月': 2.5237, '中债国债到期收益率_6个月': 2.5497, '中债国债到期收益率_9个月': 2.5495, '中债国债到期收益率_1年': 2.5014, '中债国债到期收益率_2年': 2.6167, '中债国债到期收益率_3年': 2.7859, '中债国债到期收益率_4年': 2.8772, '中债国债到期收益率_5年': 2.9466, '中债国债到期收益率_6年': 3.0186, '中债国债到期收益率_7年': 3.0876, '中债国债到期收益率_8年': 3.1344, '中债国债到期收益率_9年': 3.1528, '中债国债到期收益率_10年': 3.1734, '中债国债到期收益率_15年': 3.4159, '中债国债到期收益率_20年': 3.4513, '中债国债到期收益率_30年': 3.6756, '中债国债到期收益率_40年': 3.6856, '中债国债到期收益率_50年': 3.6946}
{'Date': datetime.date(2019, 1, 3), 'SHIBOR_隔夜': 1.968, 'SHIBOR_1周': 2.547, 'SHIBOR_2周': 2.673, 'SHIBOR_1个月': 3.084, 'SHIBOR_3个月': 3.246, 'SHIBOR_6个月': 3.286, 'SHIBOR_9个月': 3.466, 'SHIBOR_1年': 3.507, '中债国债到期收益率_0年': 1.442, '中债国债到期收益率_1个月': 2.3087, '中债国债到期收益率_2个月': 2.4424, '中债国债到期收益率_3个月': 2.4709, '中债国债到期收益率_6个月': 2.5001, '中债国债到期收益率_9个月': 2.5012, '中债国债到期收益率_1年': 2.5017, '中债国债到期收益率_2年': 2.6233, '中债国债到期收益率_3年': 2.7776, '中债国债到期收益率_4年': 2.8424, '中债国债到期收益率_5年': 2.8965, '中债国债到期收益率_6年': 3.0149, '中债国债到期收益率_7年': 3.1031, '中债国债到期收益率_8年': 3.1283, '中债国债到期收益率_9年': 3.1366, '中债国债到期收益率_10年': 3.141, '中债国债到期收益率_15年': 3.4035, '中债国债到期收益率_20年': 3.4389, '中债国债到期收益率_30年': 3.6806, '中债国债到期收益率_40年': 3.6906, '中债国债到期收益率_50年': 3.6996}
{'Date': datetime.date(2019, 1, 4), 'SHIBOR_隔夜': 1.649, 'SHIBOR_1周': 2.563, 'SHIBOR_2周': 2.615, 'SHIBOR_1个月': 3.01, 'SHIBOR_3个月': 3.215, 'SHIBOR_6个月': 3.27, 'SHIBOR_9个月': 3.453, 'SHIBOR_1年': 3.497, '中债国债到期收益率_0年': 1.442, '中债国债到期收益率_1个月': 2.2738, '中债国债到期收益率_2个月': 2.3603, '中债国债到期收益率_3个月': 2.3251, '中债国债到期收益率_6个月': 2.437, '中债国债到期收益率_9个月': 2.4514, '中债国债到期收益率_1年': 2.4525, '中债国债到期收益率_2年': 2.6069, '中债国债到期收益率_3年': 2.7922, '中债国债到期收益率_4年': 2.8478, '中债国债到期收益率_5年': 2.885, '中债国债到期收益率_6年': 3.0055, '中债国债到期收益率_7年': 3.104, '中债国债到期收益率_8年': 3.1351, '中债国债到期收益率_9年': 3.1452, '中债国债到期收益率_10年': 3.1513, '中债国债到期收益率_15年': 3.4186, '中债国债到期收益率_20年': 3.454, '中债国债到期收益率_30年': 3.7007, '中债国债到期收益率_40年': 3.7107, '中债国债到期收益率_50年': 3.7197}
{'Date': datetime.date(2019, 1, 2), 'SHIBOR_隔夜': 2.3, 'SHIBOR_1周': 2.634, 'SHIBOR_2周': 2.802, 'SHIBOR_1个月': 3.2, 'SHIBOR_3个月': 3.285, 'SHIBOR_6个月': 3.292, 'SHIBOR_9个月': 3.472, 'SHIBOR_1年': 3.511, '中债国债到期收益率_0年': 1.442, '中债国债到期收益率_1个月': 2.3345, '中债国债到期收益率_2个月': 2.522, '中债国债到期收益率_3个月': 2.5237, '中债国债到期收益率_6个月': 2.5497, '中债国债到期收益率_9个月': 2.5495, '中债国债到期收益率_1年': 2.5014, '中债国债到期收益率_2年': 2.6167, '中债国债到期收益率_3年': 2.7859, '中债国债到期收益率_4年': 2.8772, '中债国债到期收益率_5年': 2.9466, '中债国债到期收益率_6年': 3.0186, '中债国债到期收益率_7年': 3.0876, '中债国债到期收益率_8年': 3.1344, '中债国债到期收益率_9年': 3.1528, '中债国债到期收益率_10年': 3.1734, '中债国债到期收益率_15年': 3.4159, '中债国债到期收益率_20年': 3.4513, '中债国债到期收益率_30年': 3.6756, '中债国债到期收益率_40年': 3.6856, '中债国债到期收益率_50年': 3.6946}
{'Date': datetime.date(2019, 1, 3), 'SHIBOR_隔夜': 1.968, 'SHIBOR_1周': 2.547, 'SHIBOR_2周': 2.673, 'SHIBOR_1个月': 3.084, 'SHIBOR_3个月': 3.246, 'SHIBOR_6个月': 3.286, 'SHIBOR_9个月': 3.466, 'SHIBOR_1年': 3.507, '中债国债到期收益率_0年': 1.442, '中债国债到期收益率_1个月': 2.3087, '中债国债到期收益率_2个月': 2.4424, '中债国债到期收益率_3个月': 2.4709, '中债国债到期收益率_6个月': 2.5001, '中债国债到期收益率_9个月': 2.5012, '中债国债到期收益率_1年': 2.5017, '中债国债到期收益率_2年': 2.6233, '中债国债到期收益率_3年': 2.7776, '中债国债到期收益率_4年': 2.8424, '中债国债到期收益率_5年': 2.8965, '中债国债到期收益率_6年': 3.0149, '中债国债到期收益率_7年': 3.1031, '中债国债到期收益率_8年': 3.1283, '中债国债到期收益率_9年': 3.1366, '中债国债到期收益率_10年': 3.141, '中债国债到期收益率_15年': 3.4035, '中债国债到期收益率_20年': 3.4389, '中债国债到期收益率_30年': 3.6806, '中债国债到期收益率_40年': 3.6906, '中债国债到期收益率_50年': 3.6996}
{'Date': datetime.date(2019, 1, 4), 'SHIBOR_隔夜': 1.649, 'SHIBOR_1周': 2.563, 'SHIBOR_2周': 2.615, 'SHIBOR_1个月': 3.01, 'SHIBOR_3个月': 3.215, 'SHIBOR_6个月': 3.27, 'SHIBOR_9个月': 3.453, 'SHIBOR_1年': 3.497, '中债国债到期收益率_0年': 1.442, '中债国债到期收益率_1个月': 2.2738, '中债国债到期收益率_2个月': 2.3603, '中债国债到期收益率_3个月': 2.3251, '中债国债到期收益率_6个月': 2.437, '中债国债到期收益率_9个月': 2.4514, '中债国债到期收益率_1年': 2.4525, '中债国债到期收益率_2年': 2.6069, '中债国债到期收益率_3年': 2.7922, '中债国债到期收益率_4年': 2.8478, '中债国债到期收益率_5年': 2.885, '中债国债到期收益率_6年': 3.0055, '中债国债到期收益率_7年': 3.104, '中债国债到期收益率_8年': 3.1351, '中债国债到期收益率_9年': 3.1452, '中债国债到期收益率_10年': 3.1513, '中债国债到期收益率_15年': 3.4186, '中债国债到期收益率_20年': 3.454, '中债国债到期收益率_30年': 3.7007, '中债国债到期收益率_40年': 3.7107, '中债国债到期收益率_50年': 3.7197}
{'Date': datetime.date(2019, 1, 2), 'SHIBOR_隔夜': 2.3, 'SHIBOR_1周': 2.634, 'SHIBOR_2周': 2.802, 'SHIBOR_1个月': 3.2, 'SHIBOR_3个月': 3.285, 'SHIBOR_6个月': 3.292, 'SHIBOR_9个月': 3.472, 'SHIBOR_1年': 3.511, '中债国债到期收益率_0年': 1.442, '中债国债到期收益率_1个月': 2.3345, '中债国债到期收益率_2个月': 2.522, '中债国债到期收益率_3个月': 2.5237, '中债国债到期收益率_6个月': 2.5497, '中债国债到期收益率_9个月': 2.5495, '中债国债到期收益率_1年': 2.5014, '中债国债到期收益率_2年': 2.6167, '中债国债到期收益率_3年': 2.7859, '中债国债到期收益率_4年': 2.8772, '中债国债到期收益率_5年': 2.9466, '中债国债到期收益率_6年': 3.0186, '中债国债到期收益率_7年': 3.0876, '中债国债到期收益率_8年': 3.1344, '中债国债到期收益率_9年': 3.1528, '中债国债到期收益率_10年': 3.1734, '中债国债到期收益率_15年': 3.4159, '中债国债到期收益率_20年': 3.4513, '中债国债到期收益率_30年': 3.6756, '中债国债到期收益率_40年': 3.6856, '中债国债到期收益率_50年': 3.6946}
{'Date': datetime.date(2019, 1, 3), 'SHIBOR_隔夜': 1.968, 'SHIBOR_1周': 2.547, 'SHIBOR_2周': 2.673, 'SHIBOR_1个月': 3.084, 'SHIBOR_3个月': 3.246, 'SHIBOR_6个月': 3.286, 'SHIBOR_9个月': 3.466, 'SHIBOR_1年': 3.507, '中债国债到期收益率_0年': 1.442, '中债国债到期收益率_1个月': 2.3087, '中债国债到期收益率_2个月': 2.4424, '中债国债到期收益率_3个月': 2.4709, '中债国债到期收益率_6个月': 2.5001, '中债国债到期收益率_9个月': 2.5012, '中债国债到期收益率_1年': 2.5017, '中债国债到期收益率_2年': 2.6233, '中债国债到期收益率_3年': 2.7776, '中债国债到期收益率_4年': 2.8424, '中债国债到期收益率_5年': 2.8965, '中债国债到期收益率_6年': 3.0149, '中债国债到期收益率_7年': 3.1031, '中债国债到期收益率_8年': 3.1283, '中债国债到期收益率_9年': 3.1366, '中债国债到期收益率_10年': 3.141, '中债国债到期收益率_15年': 3.4035, '中债国债到期收益率_20年': 3.4389, '中债国债到期收益率_30年': 3.6806, '中债国债到期收益率_40年': 3.6906, '中债国债到期收益率_50年': 3.6996}
{'Date': datetime.date(2019, 1, 4), 'SHIBOR_隔夜': 1.649, 'SHIBOR_1周': 2.563, 'SHIBOR_2周': 2.615, 'SHIBOR_1个月': 3.01, 'SHIBOR_3个月': 3.215, 'SHIBOR_6个月': 3.27, 'SHIBOR_9个月': 3.453, 'SHIBOR_1年': 3.497, '中债国债到期收益率_0年': 1.442, '中债国债到期收益率_1个月': 2.2738, '中债国债到期收益率_2个月': 2.3603, '中债国债到期收益率_3个月': 2.3251, '中债国债到期收益率_6个月': 2.437, '中债国债到期收益率_9个月': 2.4514, '中债国债到期收益率_1年': 2.4525, '中债国债到期收益率_2年': 2.6069, '中债国债到期收益率_3年': 2.7922, '中债国债到期收益率_4年': 2.8478, '中债国债到期收益率_5年': 2.885, '中债国债到期收益率_6年': 3.0055, '中债国债到期收益率_7年': 3.104, '中债国债到期收益率_8年': 3.1351, '中债国债到期收益率_9年': 3.1452, '中债国债到期收益率_10年': 3.1513, '中债国债到期收益率_15年': 3.4186, '中债国债到期收益率_20年': 3.454, '中债国债到期收益率_30年': 3.7007, '中债国债到期收益率_40年': 3.7107, '中债国债到期收益率_50年': 3.7197}
{'Date': datetime.date(2019, 1, 2), 'SHIBOR_隔夜': 2.3, 'SHIBOR_1周': 2.634, 'SHIBOR_2周': 2.802, 'SHIBOR_1个月': 3.2, 'SHIBOR_3个月': 3.285, 'SHIBOR_6个月': 3.292, 'SHIBOR_9个月': 3.472, 'SHIBOR_1年': 3.511, '中债国债到期收益率_0年': 1.442, '中债国债到期收益率_1个月': 2.3345, '中债国债到期收益率_2个月': 2.522, '中债国债到期收益率_3个月': 2.5237, '中债国债到期收益率_6个月': 2.5497, '中债国债到期收益率_9个月': 2.5495, '中债国债到期收益率_1年': 2.5014, '中债国债到期收益率_2年': 2.6167, '中债国债到期收益率_3年': 2.7859, '中债国债到期收益率_4年': 2.8772, '中债国债到期收益率_5年': 2.9466, '中债国债到期收益率_6年': 3.0186, '中债国债到期收益率_7年': 3.0876, '中债国债到期收益率_8年': 3.1344, '中债国债到期收益率_9年': 3.1528, '中债国债到期收益率_10年': 3.1734, '中债国债到期收益率_15年': 3.4159, '中债国债到期收益率_20年': 3.4513, '中债国债到期收益率_30年': 3.6756, '中债国债到期收益率_40年': 3.6856, '中债国债到期收益率_50年': 3.6946}
{'Date': datetime.date(2019, 1, 3), 'SHIBOR_隔夜': 1.968, 'SHIBOR_1周': 2.547, 'SHIBOR_2周': 2.673, 'SHIBOR_1个月': 3.084, 'SHIBOR_3个月': 3.246, 'SHIBOR_6个月': 3.286, 'SHIBOR_9个月': 3.466, 'SHIBOR_1年': 3.507, '中债国债到期收益率_0年': 1.442, '中债国债到期收益率_1个月': 2.3087, '中债国债到期收益率_2个月': 2.4424, '中债国债到期收益率_3个月': 2.4709, '中债国债到期收益率_6个月': 2.5001, '中债国债到期收益率_9个月': 2.5012, '中债国债到期收益率_1年': 2.5017, '中债国债到期收益率_2年': 2.6233, '中债国债到期收益率_3年': 2.7776, '中债国债到期收益率_4年': 2.8424, '中债国债到期收益率_5年': 2.8965, '中债国债到期收益率_6年': 3.0149, '中债国债到期收益率_7年': 3.1031, '中债国债到期收益率_8年': 3.1283, '中债国债到期收益率_9年': 3.1366, '中债国债到期收益率_10年': 3.141, '中债国债到期收益率_15年': 3.4035, '中债国债到期收益率_20年': 3.4389, '中债国债到期收益率_30年': 3.6806, '中债国债到期收益率_40年': 3.6906, '中债国债到期收益率_50年': 3.6996}
{'Date': datetime.date(2019, 1, 4), 'SHIBOR_隔夜': 1.649, 'SHIBOR_1周': 2.563, 'SHIBOR_2周': 2.615, 'SHIBOR_1个月': 3.01, 'SHIBOR_3个月': 3.215, 'SHIBOR_6个月': 3.27, 'SHIBOR_9个月': 3.453, 'SHIBOR_1年': 3.497, '中债国债到期收益率_0年': 1.442, '中债国债到期收益率_1个月': 2.2738, '中债国债到期收益率_2个月': 2.3603, '中债国债到期收益率_3个月': 2.3251, '中债国债到期收益率_6个月': 2.437, '中债国债到期收益率_9个月': 2.4514, '中债国债到期收益率_1年': 2.4525, '中债国债到期收益率_2年': 2.6069, '中债国债到期收益率_3年': 2.7922, '中债国债到期收益率_4年': 2.8478, '中债国债到期收益率_5年': 2.885, '中债国债到期收益率_6年': 3.0055, '中债国债到期收益率_7年': 3.104, '中债国债到期收益率_8年': 3.1351, '中债国债到期收益率_9年': 3.1452, '中债国债到期收益率_10年': 3.1513, '中债国债到期收益率_15年': 3.4186, '中债国债到期收益率_20年': 3.454, '中债国债到期收益率_30年': 3.7007, '中债国债到期收益率_40年': 3.7107, '中债国债到期收益率_50年': 3.7197}
{'Date': datetime.date(2019, 1, 2), 'SHIBOR_隔夜': 2.3, 'SHIBOR_1周': 2.634, 'SHIBOR_2周': 2.802, 'SHIBOR_1个月': 3.2, 'SHIBOR_3个月': 3.285, 'SHIBOR_6个月': 3.292, 'SHIBOR_9个月': 3.472, 'SHIBOR_1年': 3.511, '中债国债到期收益率_0年': 1.442, '中债国债到期收益率_1个月': 2.3345, '中债国债到期收益率_2个月': 2.522, '中债国债到期收益率_3个月': 2.5237, '中债国债到期收益率_6个月': 2.5497, '中债国债到期收益率_9个月': 2.5495, '中债国债到期收益率_1年': 2.5014, '中债国债到期收益率_2年': 2.6167, '中债国债到期收益率_3年': 2.7859, '中债国债到期收益率_4年': 2.8772, '中债国债到期收益率_5年': 2.9466, '中债国债到期收益率_6年': 3.0186, '中债国债到期收益率_7年': 3.0876, '中债国债到期收益率_8年': 3.1344, '中债国债到期收益率_9年': 3.1528, '中债国债到期收益率_10年': 3.1734, '中债国债到期收益率_15年': 3.4159, '中债国债到期收益率_20年': 3.4513, '中债国债到期收益率_30年': 3.6756, '中债国债到期收益率_40年': 3.6856, '中债国债到期收益率_50年': 3.6946}
{'Date': datetime.date(2019, 1, 3), 'SHIBOR_隔夜': 1.968, 'SHIBOR_1周': 2.547, 'SHIBOR_2周': 2.673, 'SHIBOR_1个月': 3.084, 'SHIBOR_3个月': 3.246, 'SHIBOR_6个月': 3.286, 'SHIBOR_9个月': 3.466, 'SHIBOR_1年': 3.507, '中债国债到期收益率_0年': 1.442, '中债国债到期收益率_1个月': 2.3087, '中债国债到期收益率_2个月': 2.4424, '中债国债到期收益率_3个月': 2.4709, '中债国债到期收益率_6个月': 2.5001, '中债国债到期收益率_9个月': 2.5012, '中债国债到期收益率_1年': 2.5017, '中债国债到期收益率_2年': 2.6233, '中债国债到期收益率_3年': 2.7776, '中债国债到期收益率_4年': 2.8424, '中债国债到期收益率_5年': 2.8965, '中债国债到期收益率_6年': 3.0149, '中债国债到期收益率_7年': 3.1031, '中债国债到期收益率_8年': 3.1283, '中债国债到期收益率_9年': 3.1366, '中债国债到期收益率_10年': 3.141, '中债国债到期收益率_15年': 3.4035, '中债国债到期收益率_20年': 3.4389, '中债国债到期收益率_30年': 3.6806, '中债国债到期收益率_40年': 3.6906, '中债国债到期收益率_50年': 3.6996}
{'Date': datetime.date(2019, 1, 4), 'SHIBOR_隔夜': 1.649, 'SHIBOR_1周': 2.563, 'SHIBOR_2周': 2.615, 'SHIBOR_1个月': 3.01, 'SHIBOR_3个月': 3.215, 'SHIBOR_6个月': 3.27, 'SHIBOR_9个月': 3.453, 'SHIBOR_1年': 3.497, '中债国债到期收益率_0年': 1.442, '中债国债到期收益率_1个月': 2.2738, '中债国债到期收益率_2个月': 2.3603, '中债国债到期收益率_3个月': 2.3251, '中债国债到期收益率_6个月': 2.437, '中债国债到期收益率_9个月': 2.4514, '中债国债到期收益率_1年': 2.4525, '中债国债到期收益率_2年': 2.6069, '中债国债到期收益率_3年': 2.7922, '中债国债到期收益率_4年': 2.8478, '中债国债到期收益率_5年': 2.885, '中债国债到期收益率_6年': 3.0055, '中债国债到期收益率_7年': 3.104, '中债国债到期收益率_8年': 3.1351, '中债国债到期收益率_9年': 3.1452, '中债国债到期收益率_10年': 3.1513, '中债国债到期收益率_15年': 3.4186, '中债国债到期收益率_20年': 3.454, '中债国债到期收益率_30年': 3.7007, '中债国债到期收益率_40年': 3.7107, '中债国债到期收益率_50年': 3.7197}
{'Date': datetime.date(2019, 1, 2), 'SHIBOR_隔夜': 2.3, 'SHIBOR_1周': 2.634, 'SHIBOR_2周': 2.802, 'SHIBOR_1个月': 3.2, 'SHIBOR_3个月': 3.285, 'SHIBOR_6个月': 3.292, 'SHIBOR_9个月': 3.472, 'SHIBOR_1年': 3.511, '中债国债到期收益率_0年': 1.442, '中债国债到期收益率_1个月': 2.3345, '中债国债到期收益率_2个月': 2.522, '中债国债到期收益率_3个月': 2.5237, '中债国债到期收益率_6个月': 2.5497, '中债国债到期收益率_9个月': 2.5495, '中债国债到期收益率_1年': 2.5014, '中债国债到期收益率_2年': 2.6167, '中债国债到期收益率_3年': 2.7859, '中债国债到期收益率_4年': 2.8772, '中债国债到期收益率_5年': 2.9466, '中债国债到期收益率_6年': 3.0186, '中债国债到期收益率_7年': 3.0876, '中债国债到期收益率_8年': 3.1344, '中债国债到期收益率_9年': 3.1528, '中债国债到期收益率_10年': 3.1734, '中债国债到期收益率_15年': 3.4159, '中债国债到期收益率_20年': 3.4513, '中债国债到期收益率_30年': 3.6756, '中债国债到期收益率_40年': 3.6856, '中债国债到期收益率_50年': 3.6946}
{'Date': datetime.date(2019, 1, 3), 'SHIBOR_隔夜': 1.968, 'SHIBOR_1周': 2.547, 'SHIBOR_2周': 2.673, 'SHIBOR_1个月': 3.084, 'SHIBOR_3个月': 3.246, 'SHIBOR_6个月': 3.286, 'SHIBOR_9个月': 3.466, 'SHIBOR_1年': 3.507, '中债国债到期收益率_0年': 1.442, '中债国债到期收益率_1个月': 2.3087, '中债国债到期收益率_2个月': 2.4424, '中债国债到期收益率_3个月': 2.4709, '中债国债到期收益率_6个月': 2.5001, '中债国债到期收益率_9个月': 2.5012, '中债国债到期收益率_1年': 2.5017, '中债国债到期收益率_2年': 2.6233, '中债国债到期收益率_3年': 2.7776, '中债国债到期收益率_4年': 2.8424, '中债国债到期收益率_5年': 2.8965, '中债国债到期收益率_6年': 3.0149, '中债国债到期收益率_7年': 3.1031, '中债国债到期收益率_8年': 3.1283, '中债国债到期收益率_9年': 3.1366, '中债国债到期收益率_10年': 3.141, '中债国债到期收益率_15年': 3.4035, '中债国债到期收益率_20年': 3.4389, '中债国债到期收益率_30年': 3.6806, '中债国债到期收益率_40年': 3.6906, '中债国债到期收益率_50年': 3.6996}
{'Date': datetime.date(2019, 1, 4), 'SHIBOR_隔夜': 1.649, 'SHIBOR_1周': 2.563, 'SHIBOR_2周': 2.615, 'SHIBOR_1个月': 3.01, 'SHIBOR_3个月': 3.215, 'SHIBOR_6个月': 3.27, 'SHIBOR_9个月': 3.453, 'SHIBOR_1年': 3.497, '中债国债到期收益率_0年': 1.442, '中债国债到期收益率_1个月': 2.2738, '中债国债到期收益率_2个月': 2.3603, '中债国债到期收益率_3个月': 2.3251, '中债国债到期收益率_6个月': 2.437, '中债国债到期收益率_9个月': 2.4514, '中债国债到期收益率_1年': 2.4525, '中债国债到期收益率_2年': 2.6069, '中债国债到期收益率_3年': 2.7922, '中债国债到期收益率_4年': 2.8478, '中债国债到期收益率_5年': 2.885, '中债国债到期收益率_6年': 3.0055, '中债国债到期收益率_7年': 3.104, '中债国债到期收益率_8年': 3.1351, '中债国债到期收益率_9年': 3.1452, '中债国债到期收益率_10年': 3.1513, '中债国债到期收益率_15年': 3.4186, '中债国债到期收益率_20年': 3.454, '中债国债到期收益率_30年': 3.7007, '中债国债到期收益率_40年': 3.7107, '中债国债到期收益率_50年': 3.7197}
{'Date': datetime.date(2019, 1, 2), 'SHIBOR_隔夜': 2.3, 'SHIBOR_1周': 2.634, 'SHIBOR_2周': 2.802, 'SHIBOR_1个月': 3.2, 'SHIBOR_3个月': 3.285, 'SHIBOR_6个月': 3.292, 'SHIBOR_9个月': 3.472, 'SHIBOR_1年': 3.511, '中债国债到期收益率_0年': 1.442, '中债国债到期收益率_1个月': 2.3345, '中债国债到期收益率_2个月': 2.522, '中债国债到期收益率_3个月': 2.5237, '中债国债到期收益率_6个月': 2.5497, '中债国债到期收益率_9个月': 2.5495, '中债国债到期收益率_1年': 2.5014, '中债国债到期收益率_2年': 2.6167, '中债国债到期收益率_3年': 2.7859, '中债国债到期收益率_4年': 2.8772, '中债国债到期收益率_5年': 2.9466, '中债国债到期收益率_6年': 3.0186, '中债国债到期收益率_7年': 3.0876, '中债国债到期收益率_8年': 3.1344, '中债国债到期收益率_9年': 3.1528, '中债国债到期收益率_10年': 3.1734, '中债国债到期收益率_15年': 3.4159, '中债国债到期收益率_20年': 3.4513, '中债国债到期收益率_30年': 3.6756, '中债国债到期收益率_40年': 3.6856, '中债国债到期收益率_50年': 3.6946}
{'Date': datetime.date(2019, 1, 3), 'SHIBOR_隔夜': 1.968, 'SHIBOR_1周': 2.547, 'SHIBOR_2周': 2.673, 'SHIBOR_1个月': 3.084, 'SHIBOR_3个月': 3.246, 'SHIBOR_6个月': 3.286, 'SHIBOR_9个月': 3.466, 'SHIBOR_1年': 3.507, '中债国债到期收益率_0年': 1.442, '中债国债到期收益率_1个月': 2.3087, '中债国债到期收益率_2个月': 2.4424, '中债国债到期收益率_3个月': 2.4709, '中债国债到期收益率_6个月': 2.5001, '中债国债到期收益率_9个月': 2.5012, '中债国债到期收益率_1年': 2.5017, '中债国债到期收益率_2年': 2.6233, '中债国债到期收益率_3年': 2.7776, '中债国债到期收益率_4年': 2.8424, '中债国债到期收益率_5年': 2.8965, '中债国债到期收益率_6年': 3.0149, '中债国债到期收益率_7年': 3.1031, '中债国债到期收益率_8年': 3.1283, '中债国债到期收益率_9年': 3.1366, '中债国债到期收益率_10年': 3.141, '中债国债到期收益率_15年': 3.4035, '中债国债到期收益率_20年': 3.4389, '中债国债到期收益率_30年': 3.6806, '中债国债到期收益率_40年': 3.6906, '中债国债到期收益率_50年': 3.6996}
{'Date': datetime.date(2019, 1, 4), 'SHIBOR_隔夜': 1.649, 'SHIBOR_1周': 2.563, 'SHIBOR_2周': 2.615, 'SHIBOR_1个月': 3.01, 'SHIBOR_3个月': 3.215, 'SHIBOR_6个月': 3.27, 'SHIBOR_9个月': 3.453, 'SHIBOR_1年': 3.497, '中债国债到期收益率_0年': 1.442, '中债国债到期收益率_1个月': 2.2738, '中债国债到期收益率_2个月': 2.3603, '中债国债到期收益率_3个月': 2.3251, '中债国债到期收益率_6个月': 2.437, '中债国债到期收益率_9个月': 2.4514, '中债国债到期收益率_1年': 2.4525, '中债国债到期收益率_2年': 2.6069, '中债国债到期收益率_3年': 2.7922, '中债国债到期收益率_4年': 2.8478, '中债国债到期收益率_5年': 2.885, '中债国债到期收益率_6年': 3.0055, '中债国债到期收益率_7年': 3.104, '中债国债到期收益率_8年': 3.1351, '中债国债到期收益率_9年': 3.1452, '中债国债到期收益率_10年': 3.1513, '中债国债到期收益率_15年': 3.4186, '中债国债到期收益率_20年': 3.454, '中债国债到期收益率_30年': 3.7007, '中债国债到期收益率_40年': 3.7107, '中债国债到期收益率_50年': 3.7197}
{'Date': datetime.date(2019, 1, 2), 'SHIBOR_隔夜': 2.3, 'SHIBOR_1周': 2.634, 'SHIBOR_2周': 2.802, 'SHIBOR_1个月': 3.2, 'SHIBOR_3个月': 3.285, 'SHIBOR_6个月': 3.292, 'SHIBOR_9个月': 3.472, 'SHIBOR_1年': 3.511, '中债国债到期收益率_0年': 1.442, '中债国债到期收益率_1个月': 2.3345, '中债国债到期收益率_2个月': 2.522, '中债国债到期收益率_3个月': 2.5237, '中债国债到期收益率_6个月': 2.5497, '中债国债到期收益率_9个月': 2.5495, '中债国债到期收益率_1年': 2.5014, '中债国债到期收益率_2年': 2.6167, '中债国债到期收益率_3年': 2.7859, '中债国债到期收益率_4年': 2.8772, '中债国债到期收益率_5年': 2.9466, '中债国债到期收益率_6年': 3.0186, '中债国债到期收益率_7年': 3.0876, '中债国债到期收益率_8年': 3.1344, '中债国债到期收益率_9年': 3.1528, '中债国债到期收益率_10年': 3.1734, '中债国债到期收益率_15年': 3.4159, '中债国债到期收益率_20年': 3.4513, '中债国债到期收益率_30年': 3.6756, '中债国债到期收益率_40年': 3.6856, '中债国债到期收益率_50年': 3.6946}
{'Date': datetime.date(2019, 1, 3), 'SHIBOR_隔夜': 1.968, 'SHIBOR_1周': 2.547, 'SHIBOR_2周': 2.673, 'SHIBOR_1个月': 3.084, 'SHIBOR_3个月': 3.246, 'SHIBOR_6个月': 3.286, 'SHIBOR_9个月': 3.466, 'SHIBOR_1年': 3.507, '中债国债到期收益率_0年': 1.442, '中债国债到期收益率_1个月': 2.3087, '中债国债到期收益率_2个月': 2.4424, '中债国债到期收益率_3个月': 2.4709, '中债国债到期收益率_6个月': 2.5001, '中债国债到期收益率_9个月': 2.5012, '中债国债到期收益率_1年': 2.5017, '中债国债到期收益率_2年': 2.6233, '中债国债到期收益率_3年': 2.7776, '中债国债到期收益率_4年': 2.8424, '中债国债到期收益率_5年': 2.8965, '中债国债到期收益率_6年': 3.0149, '中债国债到期收益率_7年': 3.1031, '中债国债到期收益率_8年': 3.1283, '中债国债到期收益率_9年': 3.1366, '中债国债到期收益率_10年': 3.141, '中债国债到期收益率_15年': 3.4035, '中债国债到期收益率_20年': 3.4389, '中债国债到期收益率_30年': 3.6806, '中债国债到期收益率_40年': 3.6906, '中债国债到期收益率_50年': 3.6996}
{'Date': datetime.date(2019, 1, 4), 'SHIBOR_隔夜': 1.649, 'SHIBOR_1周': 2.563, 'SHIBOR_2周': 2.615, 'SHIBOR_1个月': 3.01, 'SHIBOR_3个月': 3.215, 'SHIBOR_6个月': 3.27, 'SHIBOR_9个月': 3.453, 'SHIBOR_1年': 3.497, '中债国债到期收益率_0年': 1.442, '中债国债到期收益率_1个月': 2.2738, '中债国债到期收益率_2个月': 2.3603, '中债国债到期收益率_3个月': 2.3251, '中债国债到期收益率_6个月': 2.437, '中债国债到期收益率_9个月': 2.4514, '中债国债到期收益率_1年': 2.4525, '中债国债到期收益率_2年': 2.6069, '中债国债到期收益率_3年': 2.7922, '中债国债到期收益率_4年': 2.8478, '中债国债到期收益率_5年': 2.885, '中债国债到期收益率_6年': 3.0055, '中债国债到期收益率_7年': 3.104, '中债国债到期收益率_8年': 3.1351, '中债国债到期收益率_9年': 3.1452, '中债国债到期收益率_10年': 3.1513, '中债国债到期收益率_15年': 3.4186, '中债国债到期收益率_20年': 3.454, '中债国债到期收益率_30年': 3.7007, '中债国债到期收益率_40年': 3.7107, '中债国债到期收益率_50年': 3.7197}
{'Date': datetime.date(2019, 1, 2), 'SHIBOR_隔夜': 2.3, 'SHIBOR_1周': 2.634, 'SHIBOR_2周': 2.802, 'SHIBOR_1个月': 3.2, 'SHIBOR_3个月': 3.285, 'SHIBOR_6个月': 3.292, 'SHIBOR_9个月': 3.472, 'SHIBOR_1年': 3.511, '中债国债到期收益率_0年': 1.442, '中债国债到期收益率_1个月': 2.3345, '中债国债到期收益率_2个月': 2.522, '中债国债到期收益率_3个月': 2.5237, '中债国债到期收益率_6个月': 2.5497, '中债国债到期收益率_9个月': 2.5495, '中债国债到期收益率_1年': 2.5014, '中债国债到期收益率_2年': 2.6167, '中债国债到期收益率_3年': 2.7859, '中债国债到期收益率_4年': 2.8772, '中债国债到期收益率_5年': 2.9466, '中债国债到期收益率_6年': 3.0186, '中债国债到期收益率_7年': 3.0876, '中债国债到期收益率_8年': 3.1344, '中债国债到期收益率_9年': 3.1528, '中债国债到期收益率_10年': 3.1734, '中债国债到期收益率_15年': 3.4159, '中债国债到期收益率_20年': 3.4513, '中债国债到期收益率_30年': 3.6756, '中债国债到期收益率_40年': 3.6856, '中债国债到期收益率_50年': 3.6946}
{'Date': datetime.date(2019, 1, 3), 'SHIBOR_隔夜': 1.968, 'SHIBOR_1周': 2.547, 'SHIBOR_2周': 2.673, 'SHIBOR_1个月': 3.084, 'SHIBOR_3个月': 3.246, 'SHIBOR_6个月': 3.286, 'SHIBOR_9个月': 3.466, 'SHIBOR_1年': 3.507, '中债国债到期收益率_0年': 1.442, '中债国债到期收益率_1个月': 2.3087, '中债国债到期收益率_2个月': 2.4424, '中债国债到期收益率_3个月': 2.4709, '中债国债到期收益率_6个月': 2.5001, '中债国债到期收益率_9个月': 2.5012, '中债国债到期收益率_1年': 2.5017, '中债国债到期收益率_2年': 2.6233, '中债国债到期收益率_3年': 2.7776, '中债国债到期收益率_4年': 2.8424, '中债国债到期收益率_5年': 2.8965, '中债国债到期收益率_6年': 3.0149, '中债国债到期收益率_7年': 3.1031, '中债国债到期收益率_8年': 3.1283, '中债国债到期收益率_9年': 3.1366, '中债国债到期收益率_10年': 3.141, '中债国债到期收益率_15年': 3.4035, '中债国债到期收益率_20年': 3.4389, '中债国债到期收益率_30年': 3.6806, '中债国债到期收益率_40年': 3.6906, '中债国债到期收益率_50年': 3.6996}
{'Date': datetime.date(2019, 1, 4), 'SHIBOR_隔夜': 1.649, 'SHIBOR_1周': 2.563, 'SHIBOR_2周': 2.615, 'SHIBOR_1个月': 3.01, 'SHIBOR_3个月': 3.215, 'SHIBOR_6个月': 3.27, 'SHIBOR_9个月': 3.453, 'SHIBOR_1年': 3.497, '中债国债到期收益率_0年': 1.442, '中债国债到期收益率_1个月': 2.2738, '中债国债到期收益率_2个月': 2.3603, '中债国债到期收益率_3个月': 2.3251, '中债国债到期收益率_6个月': 2.437, '中债国债到期收益率_9个月': 2.4514, '中债国债到期收益率_1年': 2.4525, '中债国债到期收益率_2年': 2.6069, '中债国债到期收益率_3年': 2.7922, '中债国债到期收益率_4年': 2.8478, '中债国债到期收益率_5年': 2.885, '中债国债到期收益率_6年': 3.0055, '中债国债到期收益率_7年': 3.104, '中债国债到期收益率_8年': 3.1351, '中债国债到期收益率_9年': 3.1452, '中债国债到期收益率_10年': 3.1513, '中债国债到期收益率_15年': 3.4186, '中债国债到期收益率_20年': 3.454, '中债国债到期收益率_30年': 3.7007, '中债国债到期收益率_40年': 3.7107, '中债国债到期收益率_50年': 3.7197}
{'Date': datetime.date(2019, 1, 7), 'SHIBOR_隔夜': 1.447, 'SHIBOR_1周': 2.475, 'SHIBOR_2周': 2.541, 'SHIBOR_1个月': 2.909, 'SHIBOR_3个月': 3.141, 'SHIBOR_6个月': 3.233, 'SHIBOR_9个月': 3.415, 'SHIBOR_1年': 3.466}
Sucessful
{'Date': datetime.date(2019, 1, 2), 'SHIBOR_隔夜': 2.3, 'SHIBOR_1周': 2.634, 'SHIBOR_2周': 2.802, 'SHIBOR_1个月': 3.2, 'SHIBOR_3个月': 3.285, 'SHIBOR_6个月': 3.292, 'SHIBOR_9个月': 3.472, 'SHIBOR_1年': 3.511, '中债国债到期收益率_0年': 1.442, '中债国债到期收益率_1个月': 2.3345, '中债国债到期收益率_2个月': 2.522, '中债国债到期收益率_3个月': 2.5237, '中债国债到期收益率_6个月': 2.5497, '中债国债到期收益率_9个月': 2.5495, '中债国债到期收益率_1年': 2.5014, '中债国债到期收益率_2年': 2.6167, '中债国债到期收益率_3年': 2.7859, '中债国债到期收益率_4年': 2.8772, '中债国债到期收益率_5年': 2.9466, '中债国债到期收益率_6年': 3.0186, '中债国债到期收益率_7年': 3.0876, '中债国债到期收益率_8年': 3.1344, '中债国债到期收益率_9年': 3.1528, '中债国债到期收益率_10年': 3.1734, '中债国债到期收益率_15年': 3.4159, '中债国债到期收益率_20年': 3.4513, '中债国债到期收益率_30年': 3.6756, '中债国债到期收益率_40年': 3.6856, '中债国债到期收益率_50年': 3.6946}
{'Date': datetime.date(2019, 1, 3), 'SHIBOR_隔夜': 1.968, 'SHIBOR_1周': 2.547, 'SHIBOR_2周': 2.673, 'SHIBOR_1个月': 3.084, 'SHIBOR_3个月': 3.246, 'SHIBOR_6个月': 3.286, 'SHIBOR_9个月': 3.466, 'SHIBOR_1年': 3.507, '中债国债到期收益率_0年': 1.442, '中债国债到期收益率_1个月': 2.3087, '中债国债到期收益率_2个月': 2.4424, '中债国债到期收益率_3个月': 2.4709, '中债国债到期收益率_6个月': 2.5001, '中债国债到期收益率_9个月': 2.5012, '中债国债到期收益率_1年': 2.5017, '中债国债到期收益率_2年': 2.6233, '中债国债到期收益率_3年': 2.7776, '中债国债到期收益率_4年': 2.8424, '中债国债到期收益率_5年': 2.8965, '中债国债到期收益率_6年': 3.0149, '中债国债到期收益率_7年': 3.1031, '中债国债到期收益率_8年': 3.1283, '中债国债到期收益率_9年': 3.1366, '中债国债到期收益率_10年': 3.141, '中债国债到期收益率_15年': 3.4035, '中债国债到期收益率_20年': 3.4389, '中债国债到期收益率_30年': 3.6806, '中债国债到期收益率_40年': 3.6906, '中债国债到期收益率_50年': 3.6996}
{'Date': datetime.date(2019, 1, 4), 'SHIBOR_隔夜': 1.649, 'SHIBOR_1周': 2.563, 'SHIBOR_2周': 2.615, 'SHIBOR_1个月': 3.01, 'SHIBOR_3个月': 3.215, 'SHIBOR_6个月': 3.27, 'SHIBOR_9个月': 3.453, 'SHIBOR_1年': 3.497, '中债国债到期收益率_0年': 1.442, '中债国债到期收益率_1个月': 2.2738, '中债国债到期收益率_2个月': 2.3603, '中债国债到期收益率_3个月': 2.3251, '中债国债到期收益率_6个月': 2.437, '中债国债到期收益率_9个月': 2.4514, '中债国债到期收益率_1年': 2.4525, '中债国债到期收益率_2年': 2.6069, '中债国债到期收益率_3年': 2.7922, '中债国债到期收益率_4年': 2.8478, '中债国债到期收益率_5年': 2.885, '中债国债到期收益率_6年': 3.0055, '中债国债到期收益率_7年': 3.104, '中债国债到期收益率_8年': 3.1351, '中债国债到期收益率_9年': 3.1452, '中债国债到期收益率_10年': 3.1513, '中债国债到期收益率_15年': 3.4186, '中债国债到期收益率_20年': 3.454, '中债国债到期收益率_30年': 3.7007, '中债国债到期收益率_40年': 3.7107, '中债国债到期收益率_50年': 3.7197}
{'Date': datetime.date(2019, 1, 7), 'SHIBOR_隔夜': 1.447, 'SHIBOR_1周': 2.475, 'SHIBOR_2周': 2.541, 'SHIBOR_1个月': 2.909, 'SHIBOR_3个月': 3.141, 'SHIBOR_6个月': 3.233, 'SHIBOR_9个月': 3.415, 'SHIBOR_1年': 3.466}
{'Date': datetime.date(2019, 1, 2), 'SHIBOR_隔夜': 2.3, 'SHIBOR_1周': 2.634, 'SHIBOR_2周': 2.802, 'SHIBOR_1个月': 3.2, 'SHIBOR_3个月': 3.285, 'SHIBOR_6个月': 3.292, 'SHIBOR_9个月': 3.472, 'SHIBOR_1年': 3.511, '中债国债到期收益率_0年': 1.442, '中债国债到期收益率_1个月': 2.3345, '中债国债到期收益率_2个月': 2.522, '中债国债到期收益率_3个月': 2.5237, '中债国债到期收益率_6个月': 2.5497, '中债国债到期收益率_9个月': 2.5495, '中债国债到期收益率_1年': 2.5014, '中债国债到期收益率_2年': 2.6167, '中债国债到期收益率_3年': 2.7859, '中债国债到期收益率_4年': 2.8772, '中债国债到期收益率_5年': 2.9466, '中债国债到期收益率_6年': 3.0186, '中债国债到期收益率_7年': 3.0876, '中债国债到期收益率_8年': 3.1344, '中债国债到期收益率_9年': 3.1528, '中债国债到期收益率_10年': 3.1734, '中债国债到期收益率_15年': 3.4159, '中债国债到期收益率_20年': 3.4513, '中债国债到期收益率_30年': 3.6756, '中债国债到期收益率_40年': 3.6856, '中债国债到期收益率_50年': 3.6946}
{'Date': datetime.date(2019, 1, 3), 'SHIBOR_隔夜': 1.968, 'SHIBOR_1周': 2.547, 'SHIBOR_2周': 2.673, 'SHIBOR_1个月': 3.084, 'SHIBOR_3个月': 3.246, 'SHIBOR_6个月': 3.286, 'SHIBOR_9个月': 3.466, 'SHIBOR_1年': 3.507, '中债国债到期收益率_0年': 1.442, '中债国债到期收益率_1个月': 2.3087, '中债国债到期收益率_2个月': 2.4424, '中债国债到期收益率_3个月': 2.4709, '中债国债到期收益率_6个月': 2.5001, '中债国债到期收益率_9个月': 2.5012, '中债国债到期收益率_1年': 2.5017, '中债国债到期收益率_2年': 2.6233, '中债国债到期收益率_3年': 2.7776, '中债国债到期收益率_4年': 2.8424, '中债国债到期收益率_5年': 2.8965, '中债国债到期收益率_6年': 3.0149, '中债国债到期收益率_7年': 3.1031, '中债国债到期收益率_8年': 3.1283, '中债国债到期收益率_9年': 3.1366, '中债国债到期收益率_10年': 3.141, '中债国债到期收益率_15年': 3.4035, '中债国债到期收益率_20年': 3.4389, '中债国债到期收益率_30年': 3.6806, '中债国债到期收益率_40年': 3.6906, '中债国债到期收益率_50年': 3.6996}
{'Date': datetime.date(2019, 1, 4), 'SHIBOR_隔夜': 1.649, 'SHIBOR_1周': 2.563, 'SHIBOR_2周': 2.615, 'SHIBOR_1个月': 3.01, 'SHIBOR_3个月': 3.215, 'SHIBOR_6个月': 3.27, 'SHIBOR_9个月': 3.453, 'SHIBOR_1年': 3.497, '中债国债到期收益率_0年': 1.442, '中债国债到期收益率_1个月': 2.2738, '中债国债到期收益率_2个月': 2.3603, '中债国债到期收益率_3个月': 2.3251, '中债国债到期收益率_6个月': 2.437, '中债国债到期收益率_9个月': 2.4514, '中债国债到期收益率_1年': 2.4525, '中债国债到期收益率_2年': 2.6069, '中债国债到期收益率_3年': 2.7922, '中债国债到期收益率_4年': 2.8478, '中债国债到期收益率_5年': 2.885, '中债国债到期收益率_6年': 3.0055, '中债国债到期收益率_7年': 3.104, '中债国债到期收益率_8年': 3.1351, '中债国债到期收益率_9年': 3.1452, '中债国债到期收益率_10年': 3.1513, '中债国债到期收益率_15年': 3.4186, '中债国债到期收益率_20年': 3.454, '中债国债到期收益率_30年': 3.7007, '中债国债到期收益率_40年': 3.7107, '中债国债到期收益率_50年': 3.7197}
{'Date': datetime.date(2019, 1, 7), 'SHIBOR_隔夜': 1.447, 'SHIBOR_1周': 2.475, 'SHIBOR_2周': 2.541, 'SHIBOR_1个月': 2.909, 'SHIBOR_3个月': 3.141, 'SHIBOR_6个月': 3.233, 'SHIBOR_9个月': 3.415, 'SHIBOR_1年': 3.466}
{'Date': datetime.date(2019, 1, 2), 'SHIBOR_隔夜': 2.3, 'SHIBOR_1周': 2.634, 'SHIBOR_2周': 2.802, 'SHIBOR_1个月': 3.2, 'SHIBOR_3个月': 3.285, 'SHIBOR_6个月': 3.292, 'SHIBOR_9个月': 3.472, 'SHIBOR_1年': 3.511, '中债国债到期收益率_0年': 1.442, '中债国债到期收益率_1个月': 2.3345, '中债国债到期收益率_2个月': 2.522, '中债国债到期收益率_3个月': 2.5237, '中债国债到期收益率_6个月': 2.5497, '中债国债到期收益率_9个月': 2.5495, '中债国债到期收益率_1年': 2.5014, '中债国债到期收益率_2年': 2.6167, '中债国债到期收益率_3年': 2.7859, '中债国债到期收益率_4年': 2.8772, '中债国债到期收益率_5年': 2.9466, '中债国债到期收益率_6年': 3.0186, '中债国债到期收益率_7年': 3.0876, '中债国债到期收益率_8年': 3.1344, '中债国债到期收益率_9年': 3.1528, '中债国债到期收益率_10年': 3.1734, '中债国债到期收益率_15年': 3.4159, '中债国债到期收益率_20年': 3.4513, '中债国债到期收益率_30年': 3.6756, '中债国债到期收益率_40年': 3.6856, '中债国债到期收益率_50年': 3.6946}
{'Date': datetime.date(2019, 1, 3), 'SHIBOR_隔夜': 1.968, 'SHIBOR_1周': 2.547, 'SHIBOR_2周': 2.673, 'SHIBOR_1个月': 3.084, 'SHIBOR_3个月': 3.246, 'SHIBOR_6个月': 3.286, 'SHIBOR_9个月': 3.466, 'SHIBOR_1年': 3.507, '中债国债到期收益率_0年': 1.442, '中债国债到期收益率_1个月': 2.3087, '中债国债到期收益率_2个月': 2.4424, '中债国债到期收益率_3个月': 2.4709, '中债国债到期收益率_6个月': 2.5001, '中债国债到期收益率_9个月': 2.5012, '中债国债到期收益率_1年': 2.5017, '中债国债到期收益率_2年': 2.6233, '中债国债到期收益率_3年': 2.7776, '中债国债到期收益率_4年': 2.8424, '中债国债到期收益率_5年': 2.8965, '中债国债到期收益率_6年': 3.0149, '中债国债到期收益率_7年': 3.1031, '中债国债到期收益率_8年': 3.1283, '中债国债到期收益率_9年': 3.1366, '中债国债到期收益率_10年': 3.141, '中债国债到期收益率_15年': 3.4035, '中债国债到期收益率_20年': 3.4389, '中债国债到期收益率_30年': 3.6806, '中债国债到期收益率_40年': 3.6906, '中债国债到期收益率_50年': 3.6996}
{'Date': datetime.date(2019, 1, 4), 'SHIBOR_隔夜': 1.649, 'SHIBOR_1周': 2.563, 'SHIBOR_2周': 2.615, 'SHIBOR_1个月': 3.01, 'SHIBOR_3个月': 3.215, 'SHIBOR_6个月': 3.27, 'SHIBOR_9个月': 3.453, 'SHIBOR_1年': 3.497, '中债国债到期收益率_0年': 1.442, '中债国债到期收益率_1个月': 2.2738, '中债国债到期收益率_2个月': 2.3603, '中债国债到期收益率_3个月': 2.3251, '中债国债到期收益率_6个月': 2.437, '中债国债到期收益率_9个月': 2.4514, '中债国债到期收益率_1年': 2.4525, '中债国债到期收益率_2年': 2.6069, '中债国债到期收益率_3年': 2.7922, '中债国债到期收益率_4年': 2.8478, '中债国债到期收益率_5年': 2.885, '中债国债到期收益率_6年': 3.0055, '中债国债到期收益率_7年': 3.104, '中债国债到期收益率_8年': 3.1351, '中债国债到期收益率_9年': 3.1452, '中债国债到期收益率_10年': 3.1513, '中债国债到期收益率_15年': 3.4186, '中债国债到期收益率_20年': 3.454, '中债国债到期收益率_30年': 3.7007, '中债国债到期收益率_40年': 3.7107, '中债国债到期收益率_50年': 3.7197}
{'Date': datetime.date(2019, 1, 7), 'SHIBOR_隔夜': 1.447, 'SHIBOR_1周': 2.475, 'SHIBOR_2周': 2.541, 'SHIBOR_1个月': 2.909, 'SHIBOR_3个月': 3.141, 'SHIBOR_6个月': 3.233, 'SHIBOR_9个月': 3.415, 'SHIBOR_1年': 3.466}
{'Date': datetime.date(2019, 1, 2), 'SHIBOR_隔夜': 2.3, 'SHIBOR_1周': 2.634, 'SHIBOR_2周': 2.802, 'SHIBOR_1个月': 3.2, 'SHIBOR_3个月': 3.285, 'SHIBOR_6个月': 3.292, 'SHIBOR_9个月': 3.472, 'SHIBOR_1年': 3.511, '中债国债到期收益率_0年': 1.442, '中债国债到期收益率_1个月': 2.3345, '中债国债到期收益率_2个月': 2.522, '中债国债到期收益率_3个月': 2.5237, '中债国债到期收益率_6个月': 2.5497, '中债国债到期收益率_9个月': 2.5495, '中债国债到期收益率_1年': 2.5014, '中债国债到期收益率_2年': 2.6167, '中债国债到期收益率_3年': 2.7859, '中债国债到期收益率_4年': 2.8772, '中债国债到期收益率_5年': 2.9466, '中债国债到期收益率_6年': 3.0186, '中债国债到期收益率_7年': 3.0876, '中债国债到期收益率_8年': 3.1344, '中债国债到期收益率_9年': 3.1528, '中债国债到期收益率_10年': 3.1734, '中债国债到期收益率_15年': 3.4159, '中债国债到期收益率_20年': 3.4513, '中债国债到期收益率_30年': 3.6756, '中债国债到期收益率_40年': 3.6856, '中债国债到期收益率_50年': 3.6946}
Traceback (most recent call last):
  File "/shared/anaconda3/lib/python3.6/site-packages/urllib3/connection.py", line 141, in _new_conn
    (self.host, self.port), self.timeout, **extra_kw)
  File "/shared/anaconda3/lib/python3.6/site-packages/urllib3/util/connection.py", line 83, in create_connection
    raise err
  File "/shared/anaconda3/lib/python3.6/site-packages/urllib3/util/connection.py", line 73, in create_connection
    sock.connect(sa)
TimeoutError: [Errno 110] Connection timed out

During handling of the above exception, another exception occurred:

Traceback (most recent call last):
  File "/shared/anaconda3/lib/python3.6/site-packages/urllib3/connectionpool.py", line 601, in urlopen
    chunked=chunked)
  File "/shared/anaconda3/lib/python3.6/site-packages/urllib3/connectionpool.py", line 357, in _make_request
    conn.request(method, url, **httplib_request_kw)
  File "/shared/anaconda3/lib/python3.6/http/client.py", line 1239, in request
    self._send_request(method, url, body, headers, encode_chunked)
  File "/shared/anaconda3/lib/python3.6/http/client.py", line 1285, in _send_request
    self.endheaders(body, encode_chunked=encode_chunked)
  File "/shared/anaconda3/lib/python3.6/http/client.py", line 1234, in endheaders
    self._send_output(message_body, encode_chunked=encode_chunked)
  File "/shared/anaconda3/lib/python3.6/http/client.py", line 1026, in _send_output
    self.send(msg)
  File "/shared/anaconda3/lib/python3.6/http/client.py", line 964, in send
    self.connect()
  File "/shared/anaconda3/lib/python3.6/site-packages/urllib3/connection.py", line 166, in connect
    conn = self._new_conn()
  File "/shared/anaconda3/lib/python3.6/site-packages/urllib3/connection.py", line 150, in _new_conn
    self, "Failed to establish a new connection: %s" % e)
urllib3.exceptions.NewConnectionError: <urllib3.connection.HTTPConnection object at 0x7f5fdd1e8da0>: Failed to establish a new connection: [Errno 110] Connection timed out

During handling of the above exception, another exception occurred:

Traceback (most recent call last):
  File "/shared/anaconda3/lib/python3.6/site-packages/requests/adapters.py", line 440, in send
    timeout=timeout
  File "/shared/anaconda3/lib/python3.6/site-packages/urllib3/connectionpool.py", line 639, in urlopen
    _stacktrace=sys.exc_info()[2])
  File "/shared/anaconda3/lib/python3.6/site-packages/urllib3/util/retry.py", line 388, in increment
    raise MaxRetryError(_pool, url, error or ResponseError(cause))
urllib3.exceptions.MaxRetryError: HTTPConnectionPool(host='yield.chinabond.com.cn', port=80): Max retries exceeded with url: /cbweb-mn/yc/ycDetail?ycDefIds=2c9081e50a2f9606010a3068cae70001&&zblx=txy&&workTime=2019-01-03&&dxbj=0&&qxlx=0,&&yqqxN=N&&yqqxK=K&&wrjxCBFlag=0&&locale=zh_CN (Caused by NewConnectionError('<urllib3.connection.HTTPConnection object at 0x7f5fdd1e8da0>: Failed to establish a new connection: [Errno 110] Connection timed out',))

During handling of the above exception, another exception occurred:

Traceback (most recent call last):
  File "/home/jbliu/projects/利率水平.py", line 160, in <module>
    bond_item = Chinabond(shibor_item['Date'])
  File "/home/jbliu/projects/利率水平.py", line 141, in main
    #try:
  File "/home/jbliu/projects/利率水平.py", line 35, in Chinabond
    }
  File "/shared/anaconda3/lib/python3.6/site-packages/requests/api.py", line 112, in post
    return request('post', url, data=data, json=json, **kwargs)
  File "/shared/anaconda3/lib/python3.6/site-packages/requests/api.py", line 58, in request
    return session.request(method=method, url=url, **kwargs)
  File "/shared/anaconda3/lib/python3.6/site-packages/requests/sessions.py", line 508, in request
    resp = self.send(prep, **send_kwargs)
  File "/shared/anaconda3/lib/python3.6/site-packages/requests/sessions.py", line 618, in send
    r = adapter.send(request, **kwargs)
  File "/shared/anaconda3/lib/python3.6/site-packages/requests/adapters.py", line 508, in send
    raise ConnectionError(e, request=request)
requests.exceptions.ConnectionError: HTTPConnectionPool(host='yield.chinabond.com.cn', port=80): Max retries exceeded with url: /cbweb-mn/yc/ycDetail?ycDefIds=2c9081e50a2f9606010a3068cae70001&&zblx=txy&&workTime=2019-01-03&&dxbj=0&&qxlx=0,&&yqqxN=N&&yqqxK=K&&wrjxCBFlag=0&&locale=zh_CN (Caused by NewConnectionError('<urllib3.connection.HTTPConnection object at 0x7f5fdd1e8da0>: Failed to establish a new connection: [Errno 110] Connection timed out',))
{'Date': datetime.date(2019, 1, 2), 'SHIBOR_隔夜': 2.3, 'SHIBOR_1周': 2.634, 'SHIBOR_2周': 2.802, 'SHIBOR_1个月': 3.2, 'SHIBOR_3个月': 3.285, 'SHIBOR_6个月': 3.292, 'SHIBOR_9个月': 3.472, 'SHIBOR_1年': 3.511, '中债国债到期收益率_0年': 1.442, '中债国债到期收益率_1个月': 2.3345, '中债国债到期收益率_2个月': 2.522, '中债国债到期收益率_3个月': 2.5237, '中债国债到期收益率_6个月': 2.5497, '中债国债到期收益率_9个月': 2.5495, '中债国债到期收益率_1年': 2.5014, '中债国债到期收益率_2年': 2.6167, '中债国债到期收益率_3年': 2.7859, '中债国债到期收益率_4年': 2.8772, '中债国债到期收益率_5年': 2.9466, '中债国债到期收益率_6年': 3.0186, '中债国债到期收益率_7年': 3.0876, '中债国债到期收益率_8年': 3.1344, '中债国债到期收益率_9年': 3.1528, '中债国债到期收益率_10年': 3.1734, '中债国债到期收益率_15年': 3.4159, '中债国债到期收益率_20年': 3.4513, '中债国债到期收益率_30年': 3.6756, '中债国债到期收益率_40年': 3.6856, '中债国债到期收益率_50年': 3.6946}
{'Date': datetime.date(2019, 1, 3), 'SHIBOR_隔夜': 1.968, 'SHIBOR_1周': 2.547, 'SHIBOR_2周': 2.673, 'SHIBOR_1个月': 3.084, 'SHIBOR_3个月': 3.246, 'SHIBOR_6个月': 3.286, 'SHIBOR_9个月': 3.466, 'SHIBOR_1年': 3.507, '中债国债到期收益率_0年': 1.442, '中债国债到期收益率_1个月': 2.3087, '中债国债到期收益率_2个月': 2.4424, '中债国债到期收益率_3个月': 2.4709, '中债国债到期收益率_6个月': 2.5001, '中债国债到期收益率_9个月': 2.5012, '中债国债到期收益率_1年': 2.5017, '中债国债到期收益率_2年': 2.6233, '中债国债到期收益率_3年': 2.7776, '中债国债到期收益率_4年': 2.8424, '中债国债到期收益率_5年': 2.8965, '中债国债到期收益率_6年': 3.0149, '中债国债到期收益率_7年': 3.1031, '中债国债到期收益率_8年': 3.1283, '中债国债到期收益率_9年': 3.1366, '中债国债到期收益率_10年': 3.141, '中债国债到期收益率_15年': 3.4035, '中债国债到期收益率_20年': 3.4389, '中债国债到期收益率_30年': 3.6806, '中债国债到期收益率_40年': 3.6906, '中债国债到期收益率_50年': 3.6996}
{'Date': datetime.date(2019, 1, 4), 'SHIBOR_隔夜': 1.649, 'SHIBOR_1周': 2.563, 'SHIBOR_2周': 2.615, 'SHIBOR_1个月': 3.01, 'SHIBOR_3个月': 3.215, 'SHIBOR_6个月': 3.27, 'SHIBOR_9个月': 3.453, 'SHIBOR_1年': 3.497, '中债国债到期收益率_0年': 1.442, '中债国债到期收益率_1个月': 2.2738, '中债国债到期收益率_2个月': 2.3603, '中债国债到期收益率_3个月': 2.3251, '中债国债到期收益率_6个月': 2.437, '中债国债到期收益率_9个月': 2.4514, '中债国债到期收益率_1年': 2.4525, '中债国债到期收益率_2年': 2.6069, '中债国债到期收益率_3年': 2.7922, '中债国债到期收益率_4年': 2.8478, '中债国债到期收益率_5年': 2.885, '中债国债到期收益率_6年': 3.0055, '中债国债到期收益率_7年': 3.104, '中债国债到期收益率_8年': 3.1351, '中债国债到期收益率_9年': 3.1452, '中债国债到期收益率_10年': 3.1513, '中债国债到期收益率_15年': 3.4186, '中债国债到期收益率_20年': 3.454, '中债国债到期收益率_30年': 3.7007, '中债国债到期收益率_40年': 3.7107, '中债国债到期收益率_50年': 3.7197}
{'Date': datetime.date(2019, 1, 7), 'SHIBOR_隔夜': 1.447, 'SHIBOR_1周': 2.475, 'SHIBOR_2周': 2.541, 'SHIBOR_1个月': 2.909, 'SHIBOR_3个月': 3.141, 'SHIBOR_6个月': 3.233, 'SHIBOR_9个月': 3.415, 'SHIBOR_1年': 3.466, '中债国债到期收益率_0年': 1.442, '中债国债到期收益率_1个月': 2.2313, '中债国债到期收益率_2个月': 2.3499, '中债国债到期收益率_3个月': 2.3409, '中债国债到期收益率_6个月': 2.4534, '中债国债到期收益率_9个月': 2.4138, '中债国债到期收益率_1年': 2.4026, '中债国债到期收益率_2年': 2.5672, '中债国债到期收益率_3年': 2.7917, '中债国债到期收益率_4年': 2.8705, '中债国债到期收益率_5年': 2.9303, '中债国债到期收益率_6年': 3.051, '中债国债到期收益率_7年': 3.1272, '中债国债到期收益率_8年': 3.1431, '中债国债到期收益率_9年': 3.1484, '中债国债到期收益率_10年': 3.1507, '中债国债到期收益率_15年': 3.4186, '中债国债到期收益率_20年': 3.454, '中债国债到期收益率_30年': 3.7007, '中债国债到期收益率_40年': 3.7107, '中债国债到期收益率_50年': 3.7197}
Sucessful
{'Date': datetime.date(2019, 1, 8), 'SHIBOR_隔夜': 1.414, 'SHIBOR_1周': 2.372, 'SHIBOR_2周': 2.487, 'SHIBOR_1个月': 2.825, 'SHIBOR_3个月': 3.093, 'SHIBOR_6个月': 3.206, 'SHIBOR_9个月': 3.384, 'SHIBOR_1年': 3.431}
Sucessful
{'Date': datetime.date(2019, 1, 2), 'SHIBOR_隔夜': 2.3, 'SHIBOR_1周': 2.634, 'SHIBOR_2周': 2.802, 'SHIBOR_1个月': 3.2, 'SHIBOR_3个月': 3.285, 'SHIBOR_6个月': 3.292, 'SHIBOR_9个月': 3.472, 'SHIBOR_1年': 3.511, '中债国债到期收益率_0年': 1.442, '中债国债到期收益率_1个月': 2.3345, '中债国债到期收益率_2个月': 2.522, '中债国债到期收益率_3个月': 2.5237, '中债国债到期收益率_6个月': 2.5497, '中债国债到期收益率_9个月': 2.5495, '中债国债到期收益率_1年': 2.5014, '中债国债到期收益率_2年': 2.6167, '中债国债到期收益率_3年': 2.7859, '中债国债到期收益率_4年': 2.8772, '中债国债到期收益率_5年': 2.9466, '中债国债到期收益率_6年': 3.0186, '中债国债到期收益率_7年': 3.0876, '中债国债到期收益率_8年': 3.1344, '中债国债到期收益率_9年': 3.1528, '中债国债到期收益率_10年': 3.1734, '中债国债到期收益率_15年': 3.4159, '中债国债到期收益率_20年': 3.4513, '中债国债到期收益率_30年': 3.6756, '中债国债到期收益率_40年': 3.6856, '中债国债到期收益率_50年': 3.6946}
{'Date': datetime.date(2019, 1, 3), 'SHIBOR_隔夜': 1.968, 'SHIBOR_1周': 2.547, 'SHIBOR_2周': 2.673, 'SHIBOR_1个月': 3.084, 'SHIBOR_3个月': 3.246, 'SHIBOR_6个月': 3.286, 'SHIBOR_9个月': 3.466, 'SHIBOR_1年': 3.507, '中债国债到期收益率_0年': 1.442, '中债国债到期收益率_1个月': 2.3087, '中债国债到期收益率_2个月': 2.4424, '中债国债到期收益率_3个月': 2.4709, '中债国债到期收益率_6个月': 2.5001, '中债国债到期收益率_9个月': 2.5012, '中债国债到期收益率_1年': 2.5017, '中债国债到期收益率_2年': 2.6233, '中债国债到期收益率_3年': 2.7776, '中债国债到期收益率_4年': 2.8424, '中债国债到期收益率_5年': 2.8965, '中债国债到期收益率_6年': 3.0149, '中债国债到期收益率_7年': 3.1031, '中债国债到期收益率_8年': 3.1283, '中债国债到期收益率_9年': 3.1366, '中债国债到期收益率_10年': 3.141, '中债国债到期收益率_15年': 3.4035, '中债国债到期收益率_20年': 3.4389, '中债国债到期收益率_30年': 3.6806, '中债国债到期收益率_40年': 3.6906, '中债国债到期收益率_50年': 3.6996}
{'Date': datetime.date(2019, 1, 4), 'SHIBOR_隔夜': 1.649, 'SHIBOR_1周': 2.563, 'SHIBOR_2周': 2.615, 'SHIBOR_1个月': 3.01, 'SHIBOR_3个月': 3.215, 'SHIBOR_6个月': 3.27, 'SHIBOR_9个月': 3.453, 'SHIBOR_1年': 3.497, '中债国债到期收益率_0年': 1.442, '中债国债到期收益率_1个月': 2.2738, '中债国债到期收益率_2个月': 2.3603, '中债国债到期收益率_3个月': 2.3251, '中债国债到期收益率_6个月': 2.437, '中债国债到期收益率_9个月': 2.4514, '中债国债到期收益率_1年': 2.4525, '中债国债到期收益率_2年': 2.6069, '中债国债到期收益率_3年': 2.7922, '中债国债到期收益率_4年': 2.8478, '中债国债到期收益率_5年': 2.885, '中债国债到期收益率_6年': 3.0055, '中债国债到期收益率_7年': 3.104, '中债国债到期收益率_8年': 3.1351, '中债国债到期收益率_9年': 3.1452, '中债国债到期收益率_10年': 3.1513, '中债国债到期收益率_15年': 3.4186, '中债国债到期收益率_20年': 3.454, '中债国债到期收益率_30年': 3.7007, '中债国债到期收益率_40年': 3.7107, '中债国债到期收益率_50年': 3.7197}
{'Date': datetime.date(2019, 1, 7), 'SHIBOR_隔夜': 1.447, 'SHIBOR_1周': 2.475, 'SHIBOR_2周': 2.541, 'SHIBOR_1个月': 2.909, 'SHIBOR_3个月': 3.141, 'SHIBOR_6个月': 3.233, 'SHIBOR_9个月': 3.415, 'SHIBOR_1年': 3.466, '中债国债到期收益率_0年': 1.442, '中债国债到期收益率_1个月': 2.2313, '中债国债到期收益率_2个月': 2.3499, '中债国债到期收益率_3个月': 2.3409, '中债国债到期收益率_6个月': 2.4534, '中债国债到期收益率_9个月': 2.4138, '中债国债到期收益率_1年': 2.4026, '中债国债到期收益率_2年': 2.5672, '中债国债到期收益率_3年': 2.7917, '中债国债到期收益率_4年': 2.8705, '中债国债到期收益率_5年': 2.9303, '中债国债到期收益率_6年': 3.051, '中债国债到期收益率_7年': 3.1272, '中债国债到期收益率_8年': 3.1431, '中债国债到期收益率_9年': 3.1484, '中债国债到期收益率_10年': 3.1507, '中债国债到期收益率_15年': 3.4186, '中债国债到期收益率_20年': 3.454, '中债国债到期收益率_30年': 3.7007, '中债国债到期收益率_40年': 3.7107, '中债国债到期收益率_50年': 3.7197}
{'Date': datetime.date(2019, 1, 8), 'SHIBOR_隔夜': 1.414, 'SHIBOR_1周': 2.372, 'SHIBOR_2周': 2.487, 'SHIBOR_1个月': 2.825, 'SHIBOR_3个月': 3.093, 'SHIBOR_6个月': 3.206, 'SHIBOR_9个月': 3.384, 'SHIBOR_1年': 3.431}
{'Date': datetime.date(2019, 1, 2), 'SHIBOR_隔夜': 2.3, 'SHIBOR_1周': 2.634, 'SHIBOR_2周': 2.802, 'SHIBOR_1个月': 3.2, 'SHIBOR_3个月': 3.285, 'SHIBOR_6个月': 3.292, 'SHIBOR_9个月': 3.472, 'SHIBOR_1年': 3.511, '中债国债到期收益率_0年': 1.442, '中债国债到期收益率_1个月': 2.3345, '中债国债到期收益率_2个月': 2.522, '中债国债到期收益率_3个月': 2.5237, '中债国债到期收益率_6个月': 2.5497, '中债国债到期收益率_9个月': 2.5495, '中债国债到期收益率_1年': 2.5014, '中债国债到期收益率_2年': 2.6167, '中债国债到期收益率_3年': 2.7859, '中债国债到期收益率_4年': 2.8772, '中债国债到期收益率_5年': 2.9466, '中债国债到期收益率_6年': 3.0186, '中债国债到期收益率_7年': 3.0876, '中债国债到期收益率_8年': 3.1344, '中债国债到期收益率_9年': 3.1528, '中债国债到期收益率_10年': 3.1734, '中债国债到期收益率_15年': 3.4159, '中债国债到期收益率_20年': 3.4513, '中债国债到期收益率_30年': 3.6756, '中债国债到期收益率_40年': 3.6856, '中债国债到期收益率_50年': 3.6946}
{'Date': datetime.date(2019, 1, 3), 'SHIBOR_隔夜': 1.968, 'SHIBOR_1周': 2.547, 'SHIBOR_2周': 2.673, 'SHIBOR_1个月': 3.084, 'SHIBOR_3个月': 3.246, 'SHIBOR_6个月': 3.286, 'SHIBOR_9个月': 3.466, 'SHIBOR_1年': 3.507, '中债国债到期收益率_0年': 1.442, '中债国债到期收益率_1个月': 2.3087, '中债国债到期收益率_2个月': 2.4424, '中债国债到期收益率_3个月': 2.4709, '中债国债到期收益率_6个月': 2.5001, '中债国债到期收益率_9个月': 2.5012, '中债国债到期收益率_1年': 2.5017, '中债国债到期收益率_2年': 2.6233, '中债国债到期收益率_3年': 2.7776, '中债国债到期收益率_4年': 2.8424, '中债国债到期收益率_5年': 2.8965, '中债国债到期收益率_6年': 3.0149, '中债国债到期收益率_7年': 3.1031, '中债国债到期收益率_8年': 3.1283, '中债国债到期收益率_9年': 3.1366, '中债国债到期收益率_10年': 3.141, '中债国债到期收益率_15年': 3.4035, '中债国债到期收益率_20年': 3.4389, '中债国债到期收益率_30年': 3.6806, '中债国债到期收益率_40年': 3.6906, '中债国债到期收益率_50年': 3.6996}
{'Date': datetime.date(2019, 1, 4), 'SHIBOR_隔夜': 1.649, 'SHIBOR_1周': 2.563, 'SHIBOR_2周': 2.615, 'SHIBOR_1个月': 3.01, 'SHIBOR_3个月': 3.215, 'SHIBOR_6个月': 3.27, 'SHIBOR_9个月': 3.453, 'SHIBOR_1年': 3.497, '中债国债到期收益率_0年': 1.442, '中债国债到期收益率_1个月': 2.2738, '中债国债到期收益率_2个月': 2.3603, '中债国债到期收益率_3个月': 2.3251, '中债国债到期收益率_6个月': 2.437, '中债国债到期收益率_9个月': 2.4514, '中债国债到期收益率_1年': 2.4525, '中债国债到期收益率_2年': 2.6069, '中债国债到期收益率_3年': 2.7922, '中债国债到期收益率_4年': 2.8478, '中债国债到期收益率_5年': 2.885, '中债国债到期收益率_6年': 3.0055, '中债国债到期收益率_7年': 3.104, '中债国债到期收益率_8年': 3.1351, '中债国债到期收益率_9年': 3.1452, '中债国债到期收益率_10年': 3.1513, '中债国债到期收益率_15年': 3.4186, '中债国债到期收益率_20年': 3.454, '中债国债到期收益率_30年': 3.7007, '中债国债到期收益率_40年': 3.7107, '中债国债到期收益率_50年': 3.7197}
{'Date': datetime.date(2019, 1, 7), 'SHIBOR_隔夜': 1.447, 'SHIBOR_1周': 2.475, 'SHIBOR_2周': 2.541, 'SHIBOR_1个月': 2.909, 'SHIBOR_3个月': 3.141, 'SHIBOR_6个月': 3.233, 'SHIBOR_9个月': 3.415, 'SHIBOR_1年': 3.466, '中债国债到期收益率_0年': 1.442, '中债国债到期收益率_1个月': 2.2313, '中债国债到期收益率_2个月': 2.3499, '中债国债到期收益率_3个月': 2.3409, '中债国债到期收益率_6个月': 2.4534, '中债国债到期收益率_9个月': 2.4138, '中债国债到期收益率_1年': 2.4026, '中债国债到期收益率_2年': 2.5672, '中债国债到期收益率_3年': 2.7917, '中债国债到期收益率_4年': 2.8705, '中债国债到期收益率_5年': 2.9303, '中债国债到期收益率_6年': 3.051, '中债国债到期收益率_7年': 3.1272, '中债国债到期收益率_8年': 3.1431, '中债国债到期收益率_9年': 3.1484, '中债国债到期收益率_10年': 3.1507, '中债国债到期收益率_15年': 3.4186, '中债国债到期收益率_20年': 3.454, '中债国债到期收益率_30年': 3.7007, '中债国债到期收益率_40年': 3.7107, '中债国债到期收益率_50年': 3.7197}
{'Date': datetime.date(2019, 1, 8), 'SHIBOR_隔夜': 1.414, 'SHIBOR_1周': 2.372, 'SHIBOR_2周': 2.487, 'SHIBOR_1个月': 2.825, 'SHIBOR_3个月': 3.093, 'SHIBOR_6个月': 3.206, 'SHIBOR_9个月': 3.384, 'SHIBOR_1年': 3.431, '中债国债到期收益率_0年': 1.409, '中债国债到期收益率_1个月': 2.1341, '中债国债到期收益率_2个月': 2.25, '中债国债到期收益率_3个月': 2.3116, '中债国债到期收益率_6个月': 2.3501, '中债国债到期收益率_9个月': 2.3503, '中债国债到期收益率_1年': 2.3528, '中债国债到期收益率_2年': 2.5222, '中债国债到期收益率_3年': 2.753, '中债国债到期收益率_4年': 2.8265, '中债国债到期收益率_5年': 2.8796, '中债国债到期收益率_6年': 2.9988, '中债国债到期收益率_7年': 3.0836, '中债国债到期收益率_8年': 3.1085, '中债国债到期收益率_9年': 3.1167, '中债国债到期收益率_10年': 3.1211, '中债国债到期收益率_15年': 3.3936, '中债国债到期收益率_20年': 3.429, '中债国债到期收益率_30年': 3.6757, '中债国债到期收益率_40年': 3.6857, '中债国债到期收益率_50年': 3.6947}
Sucessful
{'Date': datetime.date(2019, 1, 2), 'SHIBOR_隔夜': 2.3, 'SHIBOR_1周': 2.634, 'SHIBOR_2周': 2.802, 'SHIBOR_1个月': 3.2, 'SHIBOR_3个月': 3.285, 'SHIBOR_6个月': 3.292, 'SHIBOR_9个月': 3.472, 'SHIBOR_1年': 3.511, '中债国债到期收益率_0年': 1.442, '中债国债到期收益率_1个月': 2.3345, '中债国债到期收益率_2个月': 2.522, '中债国债到期收益率_3个月': 2.5237, '中债国债到期收益率_6个月': 2.5497, '中债国债到期收益率_9个月': 2.5495, '中债国债到期收益率_1年': 2.5014, '中债国债到期收益率_2年': 2.6167, '中债国债到期收益率_3年': 2.7859, '中债国债到期收益率_4年': 2.8772, '中债国债到期收益率_5年': 2.9466, '中债国债到期收益率_6年': 3.0186, '中债国债到期收益率_7年': 3.0876, '中债国债到期收益率_8年': 3.1344, '中债国债到期收益率_9年': 3.1528, '中债国债到期收益率_10年': 3.1734, '中债国债到期收益率_15年': 3.4159, '中债国债到期收益率_20年': 3.4513, '中债国债到期收益率_30年': 3.6756, '中债国债到期收益率_40年': 3.6856, '中债国债到期收益率_50年': 3.6946}{'Date': datetime.date(2019, 1, 2), 'SHIBOR_隔夜': 2.3, 'SHIBOR_1周': 2.634, 'SHIBOR_2周': 2.802, 'SHIBOR_1个月': 3.2, 'SHIBOR_3个月': 3.285, 'SHIBOR_6个月': 3.292, 'SHIBOR_9个月': 3.472, 'SHIBOR_1年': 3.511, '中债国债到期收益率_0年': 1.442, '中债国债到期收益率_1个月': 2.3345, '中债国债到期收益率_2个月': 2.522, '中债国债到期收益率_3个月': 2.5237, '中债国债到期收益率_6个月': 2.5497, '中债国债到期收益率_9个月': 2.5495, '中债国债到期收益率_1年': 2.5014, '中债国债到期收益率_2年': 2.6167, '中债国债到期收益率_3年': 2.7859, '中债国债到期收益率_4年': 2.8772, '中债国债到期收益率_5年': 2.9466, '中债国债到期收益率_6年': 3.0186, '中债国债到期收益率_7年': 3.0876, '中债国债到期收益率_8年': 3.1344, '中债国债到期收益率_9年': 3.1528, '中债国债到期收益率_10年': 3.1734, '中债国债到期收益率_15年': 3.4159, '中债国债到期收益率_20年': 3.4513, '中债国债到期收益率_30年': 3.6756, '中债国债到期收益率_40年': 3.6856, '中债国债到期收益率_50年': 3.6946}
{'Date': datetime.date(2019, 1, 3), 'SHIBOR_隔夜': 1.968, 'SHIBOR_1周': 2.547, 'SHIBOR_2周': 2.673, 'SHIBOR_1个月': 3.084, 'SHIBOR_3个月': 3.246, 'SHIBOR_6个月': 3.286, 'SHIBOR_9个月': 3.466, 'SHIBOR_1年': 3.507, '中债国债到期收益率_0年': 1.442, '中债国债到期收益率_1个月': 2.3087, '中债国债到期收益率_2个月': 2.4424, '中债国债到期收益率_3个月': 2.4709, '中债国债到期收益率_6个月': 2.5001, '中债国债到期收益率_9个月': 2.5012, '中债国债到期收益率_1年': 2.5017, '中债国债到期收益率_2年': 2.6233, '中债国债到期收益率_3年': 2.7776, '中债国债到期收益率_4年': 2.8424, '中债国债到期收益率_5年': 2.8965, '中债国债到期收益率_6年': 3.0149, '中债国债到期收益率_7年': 3.1031, '中债国债到期收益率_8年': 3.1283, '中债国债到期收益率_9年': 3.1366, '中债国债到期收益率_10年': 3.141, '中债国债到期收益率_15年': 3.4035, '中债国债到期收益率_20年': 3.4389, '中债国债到期收益率_30年': 3.6806, '中债国债到期收益率_40年': 3.6906, '中债国债到期收益率_50年': 3.6996}
{'Date': datetime.date(2019, 1, 4), 'SHIBOR_隔夜': 1.649, 'SHIBOR_1周': 2.563, 'SHIBOR_2周': 2.615, 'SHIBOR_1个月': 3.01, 'SHIBOR_3个月': 3.215, 'SHIBOR_6个月': 3.27, 'SHIBOR_9个月': 3.453, 'SHIBOR_1年': 3.497, '中债国债到期收益率_0年': 1.442, '中债国债到期收益率_1个月': 2.2738, '中债国债到期收益率_2个月': 2.3603, '中债国债到期收益率_3个月': 2.3251, '中债国债到期收益率_6个月': 2.437, '中债国债到期收益率_9个月': 2.4514, '中债国债到期收益率_1年': 2.4525, '中债国债到期收益率_2年': 2.6069, '中债国债到期收益率_3年': 2.7922, '中债国债到期收益率_4年': 2.8478, '中债国债到期收益率_5年': 2.885, '中债国债到期收益率_6年': 3.0055, '中债国债到期收益率_7年': 3.104, '中债国债到期收益率_8年': 3.1351, '中债国债到期收益率_9年': 3.1452, '中债国债到期收益率_10年': 3.1513, '中债国债到期收益率_15年': 3.4186, '中债国债到期收益率_20年': 3.454, '中债国债到期收益率_30年': 3.7007, '中债国债到期收益率_40年': 3.7107, '中债国债到期收益率_50年': 3.7197}
{'Date': datetime.date(2019, 1, 7), 'SHIBOR_隔夜': 1.447, 'SHIBOR_1周': 2.475, 'SHIBOR_2周': 2.541, 'SHIBOR_1个月': 2.909, 'SHIBOR_3个月': 3.141, 'SHIBOR_6个月': 3.233, 'SHIBOR_9个月': 3.415, 'SHIBOR_1年': 3.466, '中债国债到期收益率_0年': 1.442, '中债国债到期收益率_1个月': 2.2313, '中债国债到期收益率_2个月': 2.3499, '中债国债到期收益率_3个月': 2.3409, '中债国债到期收益率_6个月': 2.4534, '中债国债到期收益率_9个月': 2.4138, '中债国债到期收益率_1年': 2.4026, '中债国债到期收益率_2年': 2.5672, '中债国债到期收益率_3年': 2.7917, '中债国债到期收益率_4年': 2.8705, '中债国债到期收益率_5年': 2.9303, '中债国债到期收益率_6年': 3.051, '中债国债到期收益率_7年': 3.1272, '中债国债到期收益率_8年': 3.1431, '中债国债到期收益率_9年': 3.1484, '中债国债到期收益率_10年': 3.1507, '中债国债到期收益率_15年': 3.4186, '中债国债到期收益率_20年': 3.454, '中债国债到期收益率_30年': 3.7007, '中债国债到期收益率_40年': 3.7107, '中债国债到期收益率_50年': 3.7197}
{'Date': datetime.date(2019, 1, 8), 'SHIBOR_隔夜': 1.414, 'SHIBOR_1周': 2.372, 'SHIBOR_2周': 2.487, 'SHIBOR_1个月': 2.825, 'SHIBOR_3个月': 3.093, 'SHIBOR_6个月': 3.206, 'SHIBOR_9个月': 3.384, 'SHIBOR_1年': 3.431, '中债国债到期收益率_0年': 1.409, '中债国债到期收益率_1个月': 2.1341, '中债国债到期收益率_2个月': 2.25, '中债国债到期收益率_3个月': 2.3116, '中债国债到期收益率_6个月': 2.3501, '中债国债到期收益率_9个月': 2.3503, '中债国债到期收益率_1年': 2.3528, '中债国债到期收益率_2年': 2.5222, '中债国债到期收益率_3年': 2.753, '中债国债到期收益率_4年': 2.8265, '中债国债到期收益率_5年': 2.8796, '中债国债到期收益率_6年': 2.9988, '中债国债到期收益率_7年': 3.0836, '中债国债到期收益率_8年': 3.1085, '中债国债到期收益率_9年': 3.1167, '中债国债到期收益率_10年': 3.1211, '中债国债到期收益率_15年': 3.3936, '中债国债到期收益率_20年': 3.429, '中债国债到期收益率_30年': 3.6757, '中债国债到期收益率_40年': 3.6857, '中债国债到期收益率_50年': 3.6947}
{'Date': datetime.date(2019, 1, 9), 'SHIBOR_隔夜': 1.567, 'SHIBOR_1周': 2.475, 'SHIBOR_2周': 2.477, 'SHIBOR_1个月': 2.79, 'SHIBOR_3个月': 3.065, 'SHIBOR_6个月': 3.184, 'SHIBOR_9个月': 3.354, 'SHIBOR_1年': 3.401}
Sucessful
{'Date': datetime.date(2019, 1, 2), 'SHIBOR_隔夜': 2.3, 'SHIBOR_1周': 2.634, 'SHIBOR_2周': 2.802, 'SHIBOR_1个月': 3.2, 'SHIBOR_3个月': 3.285, 'SHIBOR_6个月': 3.292, 'SHIBOR_9个月': 3.472, 'SHIBOR_1年': 3.511, '中债国债到期收益率_0年': 1.442, '中债国债到期收益率_1个月': 2.3345, '中债国债到期收益率_2个月': 2.522, '中债国债到期收益率_3个月': 2.5237, '中债国债到期收益率_6个月': 2.5497, '中债国债到期收益率_9个月': 2.5495, '中债国债到期收益率_1年': 2.5014, '中债国债到期收益率_2年': 2.6167, '中债国债到期收益率_3年': 2.7859, '中债国债到期收益率_4年': 2.8772, '中债国债到期收益率_5年': 2.9466, '中债国债到期收益率_6年': 3.0186, '中债国债到期收益率_7年': 3.0876, '中债国债到期收益率_8年': 3.1344, '中债国债到期收益率_9年': 3.1528, '中债国债到期收益率_10年': 3.1734, '中债国债到期收益率_15年': 3.4159, '中债国债到期收益率_20年': 3.4513, '中债国债到期收益率_30年': 3.6756, '中债国债到期收益率_40年': 3.6856, '中债国债到期收益率_50年': 3.6946}
{'Date': datetime.date(2019, 1, 3), 'SHIBOR_隔夜': 1.968, 'SHIBOR_1周': 2.547, 'SHIBOR_2周': 2.673, 'SHIBOR_1个月': 3.084, 'SHIBOR_3个月': 3.246, 'SHIBOR_6个月': 3.286, 'SHIBOR_9个月': 3.466, 'SHIBOR_1年': 3.507, '中债国债到期收益率_0年': 1.442, '中债国债到期收益率_1个月': 2.3087, '中债国债到期收益率_2个月': 2.4424, '中债国债到期收益率_3个月': 2.4709, '中债国债到期收益率_6个月': 2.5001, '中债国债到期收益率_9个月': 2.5012, '中债国债到期收益率_1年': 2.5017, '中债国债到期收益率_2年': 2.6233, '中债国债到期收益率_3年': 2.7776, '中债国债到期收益率_4年': 2.8424, '中债国债到期收益率_5年': 2.8965, '中债国债到期收益率_6年': 3.0149, '中债国债到期收益率_7年': 3.1031, '中债国债到期收益率_8年': 3.1283, '中债国债到期收益率_9年': 3.1366, '中债国债到期收益率_10年': 3.141, '中债国债到期收益率_15年': 3.4035, '中债国债到期收益率_20年': 3.4389, '中债国债到期收益率_30年': 3.6806, '中债国债到期收益率_40年': 3.6906, '中债国债到期收益率_50年': 3.6996}